# JRE version: OpenJDK Runtime Environment (21.0.4) (build 21.0.4+-12508038-b607.1)
# Java VM: OpenJDK 64-Bit Server VM (21.0.4+-12508038-b607.1, mixed mode, tiered, compressed oops, compressed class ptrs, g1 gc, windows-amd64)
GC Precious Log:
 CardTable entry size: 512
 Card Set container configuration: InlinePtr #cards 5 size 8 Array Of Cards #cards 12 size 40 Howl #buckets 4 coarsen threshold 1843 Howl Bitmap #cards 512 size 80 coarsen threshold 460 Card regions per heap region 1 cards per card region 2048
 CPUs: 8 total, 8 available
 Memory: 7934M
 Large Page Support: Disabled
 NUMA Support: Disabled
 Compressed Oops: Enabled (32-bit)
 Heap Region Size: 1M
 Heap Min Capacity: 8M
 Heap Initial Capacity: 124M
 Heap Max Capacity: 2G
 Pre-touch: Disabled
 Parallel Workers: 8
 Concurrent Workers: 2
 Concurrent Refinement Workers: 8
 Periodic GC: Disabled
Heap:
 garbage-first heap   total 153600K, used 134754K [0x0000000080000000, 0x0000000100000000)
  region size 1024K, 61 young (62464K), 5 survivors (5120K)
 Metaspace       used 98822K, committed 100928K, reserved 1179648K
  class space    used 13598K, committed 14656K, reserved 1048576K
GC Heap History (20 events):
Event: 7.788 GC heap before
{Heap before GC invocations=17 (full 0):
 garbage-first heap   total 99328K, used 86747K [0x0000000080000000, 0x0000000100000000)
  region size 1024K, 43 young (44032K), 4 survivors (4096K)
 Metaspace       used 66522K, committed 68224K, reserved 1114112K
  class space    used 9056K, committed 9920K, reserved 1048576K
}
Event: 7.791 GC heap after
{Heap after GC invocations=18 (full 0):
 garbage-first heap   total 99328K, used 48401K [0x0000000080000000, 0x0000000100000000)
  region size 1024K, 4 young (4096K), 4 survivors (4096K)
 Metaspace       used 66522K, committed 68224K, reserved 1114112K
  class space    used 9056K, committed 9920K, reserved 1048576K
}
Event: 8.247 GC heap before
{Heap before GC invocations=19 (full 0):
 garbage-first heap   total 99328K, used 93457K [0x0000000080000000, 0x0000000100000000)
  region size 1024K, 43 young (44032K), 4 survivors (4096K)
 Metaspace       used 67458K, committed 69184K, reserved 1114112K
  class space    used 9216K, committed 10112K, reserved 1048576K
}
Event: 8.254 GC heap after
{Heap after GC invocations=20 (full 0):
 garbage-first heap   total 104448K, used 59306K [0x0000000080000000, 0x0000000100000000)
  region size 1024K, 6 young (6144K), 6 survivors (6144K)
 Metaspace       used 67458K, committed 69184K, reserved 1114112K
  class space    used 9216K, committed 10112K, reserved 1048576K
}
Event: 8.592 GC heap before
{Heap before GC invocations=20 (full 0):
 garbage-first heap   total 104448K, used 91050K [0x0000000080000000, 0x0000000100000000)
  region size 1024K, 37 young (37888K), 6 survivors (6144K)
 Metaspace       used 70000K, committed 71680K, reserved 1114112K
  class space    used 9528K, committed 10368K, reserved 1048576K
}
Event: 8.596 GC heap after
{Heap after GC invocations=21 (full 0):
 garbage-first heap   total 125952K, used 61035K [0x0000000080000000, 0x0000000100000000)
  region size 1024K, 2 young (2048K), 2 survivors (2048K)
 Metaspace       used 70000K, committed 71680K, reserved 1114112K
  class space    used 9528K, committed 10368K, reserved 1048576K
}
Event: 9.306 GC heap before
{Heap before GC invocations=21 (full 0):
 garbage-first heap   total 125952K, used 111211K [0x0000000080000000, 0x0000000100000000)
  region size 1024K, 52 young (53248K), 2 survivors (2048K)
 Metaspace       used 75462K, committed 77376K, reserved 1179648K
  class space    used 10234K, committed 11200K, reserved 1048576K
}
Event: 9.309 GC heap after
{Heap after GC invocations=22 (full 0):
 garbage-first heap   total 125952K, used 62474K [0x0000000080000000, 0x0000000100000000)
  region size 1024K, 4 young (4096K), 4 survivors (4096K)
 Metaspace       used 75462K, committed 77376K, reserved 1179648K
  class space    used 10234K, committed 11200K, reserved 1048576K
}
Event: 9.859 GC heap before
{Heap before GC invocations=23 (full 0):
 garbage-first heap   total 125952K, used 117770K [0x0000000080000000, 0x0000000100000000)
  region size 1024K, 54 young (55296K), 4 survivors (4096K)
 Metaspace       used 79382K, committed 81216K, reserved 1179648K
  class space    used 10733K, committed 11648K, reserved 1048576K
}
Event: 9.864 GC heap after
{Heap after GC invocations=24 (full 0):
 garbage-first heap   total 128000K, used 68602K [0x0000000080000000, 0x0000000100000000)
  region size 1024K, 7 young (7168K), 7 survivors (7168K)
 Metaspace       used 79382K, committed 81216K, reserved 1179648K
  class space    used 10733K, committed 11648K, reserved 1048576K
}
Event: 10.258 GC heap before
{Heap before GC invocations=24 (full 0):
 garbage-first heap   total 128000K, used 113658K [0x0000000080000000, 0x0000000100000000)
  region size 1024K, 51 young (52224K), 7 survivors (7168K)
 Metaspace       used 82021K, committed 83904K, reserved 1179648K
  class space    used 11061K, committed 12032K, reserved 1048576K
}
Event: 10.266 GC heap after
{Heap after GC invocations=25 (full 0):
 garbage-first heap   total 128000K, used 72963K [0x0000000080000000, 0x0000000100000000)
  region size 1024K, 5 young (5120K), 5 survivors (5120K)
 Metaspace       used 82021K, committed 83904K, reserved 1179648K
  class space    used 11061K, committed 12032K, reserved 1048576K
}
Event: 10.623 GC heap before
{Heap before GC invocations=25 (full 0):
 garbage-first heap   total 128000K, used 107779K [0x0000000080000000, 0x0000000100000000)
  region size 1024K, 40 young (40960K), 5 survivors (5120K)
 Metaspace       used 84736K, committed 86656K, reserved 1179648K
  class space    used 11427K, committed 12416K, reserved 1048576K
}
Event: 10.627 GC heap after
{Heap after GC invocations=26 (full 0):
 garbage-first heap   total 128000K, used 74619K [0x0000000080000000, 0x0000000100000000)
  region size 1024K, 2 young (2048K), 2 survivors (2048K)
 Metaspace       used 84736K, committed 86656K, reserved 1179648K
  class space    used 11427K, committed 12416K, reserved 1048576K
}
Event: 11.241 GC heap before
{Heap before GC invocations=27 (full 0):
 garbage-first heap   total 128000K, used 116603K [0x0000000080000000, 0x0000000100000000)
  region size 1024K, 42 young (43008K), 2 survivors (2048K)
 Metaspace       used 87988K, committed 89920K, reserved 1179648K
  class space    used 12011K, committed 12992K, reserved 1048576K
}
Event: 11.245 GC heap after
{Heap after GC invocations=28 (full 0):
 garbage-first heap   total 128000K, used 75424K [0x0000000080000000, 0x0000000100000000)
  region size 1024K, 3 young (3072K), 3 survivors (3072K)
 Metaspace       used 87988K, committed 89920K, reserved 1179648K
  class space    used 12011K, committed 12992K, reserved 1048576K
}
Event: 11.700 GC heap before
{Heap before GC invocations=28 (full 0):
 garbage-first heap   total 128000K, used 117408K [0x0000000080000000, 0x0000000100000000)
  region size 1024K, 44 young (45056K), 3 survivors (3072K)
 Metaspace       used 91490K, committed 93504K, reserved 1179648K
  class space    used 12518K, committed 13504K, reserved 1048576K
}
Event: 11.705 GC heap after
{Heap after GC invocations=29 (full 0):
 garbage-first heap   total 128000K, used 76349K [0x0000000080000000, 0x0000000100000000)
  region size 1024K, 6 young (6144K), 6 survivors (6144K)
 Metaspace       used 91490K, committed 93504K, reserved 1179648K
  class space    used 12518K, committed 13504K, reserved 1048576K
}
Event: 12.153 GC heap before
{Heap before GC invocations=29 (full 0):
 garbage-first heap   total 128000K, used 113213K [0x0000000080000000, 0x0000000100000000)
  region size 1024K, 42 young (43008K), 6 survivors (6144K)
 Metaspace       used 94353K, committed 96384K, reserved 1179648K
  class space    used 12952K, committed 13952K, reserved 1048576K
}
Event: 12.160 GC heap after
{Heap after GC invocations=30 (full 0):
 garbage-first heap   total 153600K, used 78434K [0x0000000080000000, 0x0000000100000000)
  region size 1024K, 5 young (5120K), 5 survivors (5120K)
 Metaspace       used 94353K, committed 96384K, reserved 1179648K
  class space    used 12952K, committed 13952K, reserved 1048576K
}

