# JRE version: OpenJDK Runtime Environment (21.0.4) (build 21.0.4+-12508038-b607.1)
# Java VM: OpenJDK 64-Bit Server VM (21.0.4+-12508038-b607.1, mixed mode, tiered, compressed oops, compressed class ptrs, g1 gc, windows-amd64)
GC Precious Log:
 CardTable entry size: 512
 Card Set container configuration: InlinePtr #cards 5 size 8 Array Of Cards #cards 12 size 40 Howl #buckets 4 coarsen threshold 1843 Howl Bitmap #cards 512 size 80 coarsen threshold 460 Card regions per heap region 1 cards per card region 2048
 CPUs: 8 total, 8 available
 Memory: 7934M
 Large Page Support: Disabled
 NUMA Support: Disabled
 Compressed Oops: Enabled (32-bit)
 Heap Region Size: 1M
 Heap Min Capacity: 8M
 Heap Initial Capacity: 124M
 Heap Max Capacity: 2G
 Pre-touch: Disabled
 Parallel Workers: 8
 Concurrent Workers: 2
 Concurrent Refinement Workers: 8
 Periodic GC: Disabled
Heap:
 garbage-first heap   total 120832K, used 63434K [0x0000000080000000, 0x0000000100000000)
  region size 1024K, 2 young (2048K), 2 survivors (2048K)
 Metaspace       used 75266K, committed 77120K, reserved 1179648K
  class space    used 10205K, committed 11136K, reserved 1048576K
GC Heap History (20 events):
Event: 3.615 GC heap after
{Heap after GC invocations=10 (full 0):
 garbage-first heap   total 95232K, used 31329K [0x0000000080000000, 0x0000000100000000)
  region size 1024K, 7 young (7168K), 7 survivors (7168K)
 Metaspace       used 44485K, committed 45696K, reserved 1114112K
  class space    used 5978K, committed 6592K, reserved 1048576K
}
Event: 3.927 GC heap before
{Heap before GC invocations=10 (full 0):
 garbage-first heap   total 95232K, used 79457K [0x0000000080000000, 0x0000000100000000)
  region size 1024K, 55 young (56320K), 7 survivors (7168K)
 Metaspace       used 46490K, committed 47744K, reserved 1114112K
  class space    used 6222K, committed 6848K, reserved 1048576K
}
Event: 3.935 GC heap after
{Heap after GC invocations=11 (full 0):
 garbage-first heap   total 95232K, used 34082K [0x0000000080000000, 0x0000000100000000)
  region size 1024K, 3 young (3072K), 3 survivors (3072K)
 Metaspace       used 46490K, committed 47744K, reserved 1114112K
  class space    used 6222K, committed 6848K, reserved 1048576K
}
Event: 4.567 GC heap before
{Heap before GC invocations=11 (full 0):
 garbage-first heap   total 95232K, used 83234K [0x0000000080000000, 0x0000000100000000)
  region size 1024K, 50 young (51200K), 3 survivors (3072K)
 Metaspace       used 53069K, committed 54592K, reserved 1114112K
  class space    used 7148K, committed 7872K, reserved 1048576K
}
Event: 4.572 GC heap after
{Heap after GC invocations=12 (full 0):
 garbage-first heap   total 95232K, used 36364K [0x0000000080000000, 0x0000000100000000)
  region size 1024K, 6 young (6144K), 6 survivors (6144K)
 Metaspace       used 53069K, committed 54592K, reserved 1114112K
  class space    used 7148K, committed 7872K, reserved 1048576K
}
Event: 5.069 GC heap before
{Heap before GC invocations=12 (full 0):
 garbage-first heap   total 95232K, used 76300K [0x0000000080000000, 0x0000000100000000)
  region size 1024K, 46 young (47104K), 6 survivors (6144K)
 Metaspace       used 59018K, committed 60480K, reserved 1114112K
  class space    used 7986K, committed 8704K, reserved 1048576K
}
Event: 5.075 GC heap after
{Heap after GC invocations=13 (full 0):
 garbage-first heap   total 95232K, used 38200K [0x0000000080000000, 0x0000000100000000)
  region size 1024K, 5 young (5120K), 5 survivors (5120K)
 Metaspace       used 59018K, committed 60480K, reserved 1114112K
  class space    used 7986K, committed 8704K, reserved 1048576K
}
Event: 5.879 GC heap before
{Heap before GC invocations=14 (full 0):
 garbage-first heap   total 95232K, used 83256K [0x0000000080000000, 0x0000000100000000)
  region size 1024K, 49 young (50176K), 5 survivors (5120K)
 Metaspace       used 64744K, committed 66432K, reserved 1114112K
  class space    used 8910K, committed 9728K, reserved 1048576K
}
Event: 5.887 GC heap after
{Heap after GC invocations=15 (full 0):
 garbage-first heap   total 95232K, used 41485K [0x0000000080000000, 0x0000000100000000)
  region size 1024K, 5 young (5120K), 5 survivors (5120K)
 Metaspace       used 64744K, committed 66432K, reserved 1114112K
  class space    used 8910K, committed 9728K, reserved 1048576K
}
Event: 6.293 GC heap before
{Heap before GC invocations=15 (full 0):
 garbage-first heap   total 95232K, used 82445K [0x0000000080000000, 0x0000000100000000)
  region size 1024K, 46 young (47104K), 5 survivors (5120K)
 Metaspace       used 65829K, committed 67520K, reserved 1114112K
  class space    used 9025K, committed 9856K, reserved 1048576K
}
Event: 6.301 GC heap after
{Heap after GC invocations=16 (full 0):
 garbage-first heap   total 114688K, used 45180K [0x0000000080000000, 0x0000000100000000)
  region size 1024K, 6 young (6144K), 6 survivors (6144K)
 Metaspace       used 65829K, committed 67520K, reserved 1114112K
  class space    used 9025K, committed 9856K, reserved 1048576K
}
Event: 6.532 GC heap before
{Heap before GC invocations=16 (full 0):
 garbage-first heap   total 114688K, used 99452K [0x0000000080000000, 0x0000000100000000)
  region size 1024K, 60 young (61440K), 6 survivors (6144K)
 Metaspace       used 66377K, committed 67968K, reserved 1114112K
  class space    used 9052K, committed 9856K, reserved 1048576K
}
Event: 6.539 GC heap after
{Heap after GC invocations=17 (full 0):
 garbage-first heap   total 114688K, used 48259K [0x0000000080000000, 0x0000000100000000)
  region size 1024K, 7 young (7168K), 7 survivors (7168K)
 Metaspace       used 66377K, committed 67968K, reserved 1114112K
  class space    used 9052K, committed 9856K, reserved 1048576K
}
Event: 6.709 GC heap before
{Heap before GC invocations=17 (full 0):
 garbage-first heap   total 114688K, used 99459K [0x0000000080000000, 0x0000000100000000)
  region size 1024K, 57 young (58368K), 7 survivors (7168K)
 Metaspace       used 66659K, committed 68352K, reserved 1114112K
  class space    used 9084K, committed 9920K, reserved 1048576K
}
Event: 6.714 GC heap after
{Heap after GC invocations=18 (full 0):
 garbage-first heap   total 114688K, used 49930K [0x0000000080000000, 0x0000000100000000)
  region size 1024K, 5 young (5120K), 5 survivors (5120K)
 Metaspace       used 66659K, committed 68352K, reserved 1114112K
  class space    used 9084K, committed 9920K, reserved 1048576K
}
Event: 6.753 GC heap before
{Heap before GC invocations=18 (full 0):
 garbage-first heap   total 114688K, used 53002K [0x0000000080000000, 0x0000000100000000)
  region size 1024K, 9 young (9216K), 5 survivors (5120K)
 Metaspace       used 66723K, committed 68416K, reserved 1114112K
  class space    used 9090K, committed 9920K, reserved 1048576K
}
Event: 6.757 GC heap after
{Heap after GC invocations=19 (full 0):
 garbage-first heap   total 114688K, used 50006K [0x0000000080000000, 0x0000000100000000)
  region size 1024K, 4 young (4096K), 4 survivors (4096K)
 Metaspace       used 66723K, committed 68416K, reserved 1114112K
  class space    used 9090K, committed 9920K, reserved 1048576K
}
Event: 7.324 GC heap before
{Heap before GC invocations=20 (full 0):
 garbage-first heap   total 114688K, used 108374K [0x0000000080000000, 0x0000000100000000)
  region size 1024K, 55 young (56320K), 4 survivors (4096K)
 Metaspace       used 70544K, committed 72256K, reserved 1114112K
  class space    used 9591K, committed 10432K, reserved 1048576K
}
Event: 7.329 GC heap after
{Heap after GC invocations=21 (full 0):
 garbage-first heap   total 120832K, used 62774K [0x0000000080000000, 0x0000000100000000)
  region size 1024K, 7 young (7168K), 7 survivors (7168K)
 Metaspace       used 70544K, committed 72256K, reserved 1114112K
  class space    used 9591K, committed 10432K, reserved 1048576K
}
Event: 7.792 GC heap before
{Heap before GC invocations=21 (full 0):
 garbage-first heap   total 120832K, used 105782K [0x0000000080000000, 0x0000000100000000)
  region size 1024K, 49 young (50176K), 7 survivors (7168K)
 Metaspace       used 75266K, committed 77120K, reserved 1179648K
  class space    used 10205K, committed 11136K, reserved 1048576K
}

