# JRE version: OpenJDK Runtime Environment (21.0.4) (build 21.0.4+-12508038-b607.1)
# Java VM: OpenJDK 64-Bit Server VM (21.0.4+-12508038-b607.1, mixed mode, tiered, compressed oops, compressed class ptrs, g1 gc, windows-amd64)
GC Precious Log:
 CardTable entry size: 512
 Card Set container configuration: InlinePtr #cards 5 size 8 Array Of Cards #cards 12 size 40 Howl #buckets 4 coarsen threshold 1843 Howl Bitmap #cards 512 size 80 coarsen threshold 460 Card regions per heap region 1 cards per card region 2048
 CPUs: 8 total, 8 available
 Memory: 7934M
 Large Page Support: Disabled
 NUMA Support: Disabled
 Compressed Oops: Enabled (32-bit)
 Heap Region Size: 1M
 Heap Min Capacity: 8M
 Heap Initial Capacity: 124M
 Heap Max Capacity: 2G
 Pre-touch: Disabled
 Parallel Workers: 8
 Concurrent Workers: 2
 Concurrent Refinement Workers: 8
 Periodic GC: Disabled
Heap:
 garbage-first heap   total 96256K, used 51174K [0x0000000080000000, 0x0000000100000000)
  region size 1024K, 27 young (27648K), 8 survivors (8192K)
 Metaspace       used 46106K, committed 47360K, reserved 1114112K
  class space    used 6154K, committed 6784K, reserved 1048576K
GC Heap History (16 events):
Event: 0.402 GC heap before
{Heap before GC invocations=0 (full 0):
 garbage-first heap   total 126976K, used 22528K [0x0000000080000000, 0x0000000100000000)
  region size 1024K, 23 young (23552K), 0 survivors (0K)
 Metaspace       used 7987K, committed 8128K, reserved 1114112K
  class space    used 712K, committed 768K, reserved 1048576K
}
Event: 0.406 GC heap after
{Heap after GC invocations=1 (full 0):
 garbage-first heap   total 126976K, used 4480K [0x0000000080000000, 0x0000000100000000)
  region size 1024K, 3 young (3072K), 3 survivors (3072K)
 Metaspace       used 7987K, committed 8128K, reserved 1114112K
  class space    used 712K, committed 768K, reserved 1048576K
}
Event: 0.828 GC heap before
{Heap before GC invocations=1 (full 0):
 garbage-first heap   total 126976K, used 40320K [0x0000000080000000, 0x0000000100000000)
  region size 1024K, 35 young (35840K), 3 survivors (3072K)
 Metaspace       used 12129K, committed 12352K, reserved 1114112K
  class space    used 1276K, committed 1408K, reserved 1048576K
}
Event: 0.835 GC heap after
{Heap after GC invocations=2 (full 0):
 garbage-first heap   total 126976K, used 12539K [0x0000000080000000, 0x0000000100000000)
  region size 1024K, 4 young (4096K), 4 survivors (4096K)
 Metaspace       used 12129K, committed 12352K, reserved 1114112K
  class space    used 1276K, committed 1408K, reserved 1048576K
}
Event: 1.242 GC heap before
{Heap before GC invocations=2 (full 0):
 garbage-first heap   total 126976K, used 60667K [0x0000000080000000, 0x0000000100000000)
  region size 1024K, 49 young (50176K), 4 survivors (4096K)
 Metaspace       used 14281K, committed 14528K, reserved 1114112K
  class space    used 1561K, committed 1664K, reserved 1048576K
}
Event: 1.250 GC heap after
{Heap after GC invocations=3 (full 0):
 garbage-first heap   total 126976K, used 18689K [0x0000000080000000, 0x0000000100000000)
  region size 1024K, 7 young (7168K), 7 survivors (7168K)
 Metaspace       used 14281K, committed 14528K, reserved 1114112K
  class space    used 1561K, committed 1664K, reserved 1048576K
}
Event: 1.684 GC heap before
{Heap before GC invocations=3 (full 0):
 garbage-first heap   total 126976K, used 40193K [0x0000000080000000, 0x0000000100000000)
  region size 1024K, 29 young (29696K), 7 survivors (7168K)
 Metaspace       used 21184K, committed 21504K, reserved 1114112K
  class space    used 2443K, committed 2624K, reserved 1048576K
}
Event: 1.689 GC heap after
{Heap after GC invocations=4 (full 0):
 garbage-first heap   total 126976K, used 21941K [0x0000000080000000, 0x0000000100000000)
  region size 1024K, 8 young (8192K), 8 survivors (8192K)
 Metaspace       used 21184K, committed 21504K, reserved 1114112K
  class space    used 2443K, committed 2624K, reserved 1048576K
}
Event: 2.439 GC heap before
{Heap before GC invocations=5 (full 0):
 garbage-first heap   total 75776K, used 75189K [0x0000000080000000, 0x0000000100000000)
  region size 1024K, 60 young (61440K), 8 survivors (8192K)
 Metaspace       used 29762K, committed 30400K, reserved 1114112K
  class space    used 3810K, committed 4096K, reserved 1048576K
}
Event: 2.447 GC heap after
{Heap after GC invocations=6 (full 0):
 garbage-first heap   total 87040K, used 25036K [0x0000000080000000, 0x0000000100000000)
  region size 1024K, 6 young (6144K), 6 survivors (6144K)
 Metaspace       used 29762K, committed 30400K, reserved 1114112K
  class space    used 3810K, committed 4096K, reserved 1048576K
}
Event: 2.953 GC heap before
{Heap before GC invocations=6 (full 0):
 garbage-first heap   total 87040K, used 63948K [0x0000000080000000, 0x0000000100000000)
  region size 1024K, 45 young (46080K), 6 survivors (6144K)
 Metaspace       used 35295K, committed 36096K, reserved 1114112K
  class space    used 4725K, committed 5120K, reserved 1048576K
}
Event: 2.958 GC heap after
{Heap after GC invocations=7 (full 0):
 garbage-first heap   total 104448K, used 27332K [0x0000000080000000, 0x0000000100000000)
  region size 1024K, 6 young (6144K), 6 survivors (6144K)
 Metaspace       used 35295K, committed 36096K, reserved 1114112K
  class space    used 4725K, committed 5120K, reserved 1048576K
}
Event: 2.985 GC heap before
{Heap before GC invocations=7 (full 0):
 garbage-first heap   total 104448K, used 30404K [0x0000000080000000, 0x0000000100000000)
  region size 1024K, 10 young (10240K), 6 survivors (6144K)
 Metaspace       used 35618K, committed 36416K, reserved 1114112K
  class space    used 4772K, committed 5184K, reserved 1048576K
}
Event: 2.989 GC heap after
{Heap after GC invocations=8 (full 0):
 garbage-first heap   total 104448K, used 27493K [0x0000000080000000, 0x0000000100000000)
  region size 1024K, 3 young (3072K), 3 survivors (3072K)
 Metaspace       used 35618K, committed 36416K, reserved 1114112K
  class space    used 4772K, committed 5184K, reserved 1048576K
}
Event: 3.904 GC heap before
{Heap before GC invocations=9 (full 0):
 garbage-first heap   total 96256K, used 85861K [0x0000000080000000, 0x0000000100000000)
  region size 1024K, 61 young (62464K), 3 survivors (3072K)
 Metaspace       used 45462K, committed 46656K, reserved 1114112K
  class space    used 6046K, committed 6656K, reserved 1048576K
}
Event: 3.912 GC heap after
{Heap after GC invocations=10 (full 0):
 garbage-first heap   total 96256K, used 32742K [0x0000000080000000, 0x0000000100000000)
  region size 1024K, 8 young (8192K), 8 survivors (8192K)
 Metaspace       used 45462K, committed 46656K, reserved 1114112K
  class space    used 6046K, committed 6656K, reserved 1048576K
}

