# JRE version: OpenJDK Runtime Environment (21.0.4) (build 21.0.4+-12508038-b607.1)
# Java VM: OpenJDK 64-Bit Server VM (21.0.4+-12508038-b607.1, mixed mode, tiered, compressed oops, compressed class ptrs, g1 gc, windows-amd64)
GC Precious Log:
 CardTable entry size: 512
 Card Set container configuration: InlinePtr #cards 5 size 8 Array Of Cards #cards 12 size 40 Howl #buckets 4 coarsen threshold 1843 Howl Bitmap #cards 512 size 80 coarsen threshold 460 Card regions per heap region 1 cards per card region 2048
 CPUs: 8 total, 8 available
 Memory: 7934M
 Large Page Support: Disabled
 NUMA Support: Disabled
 Compressed Oops: Enabled (32-bit)
 Heap Region Size: 1M
 Heap Min Capacity: 8M
 Heap Initial Capacity: 124M
 Heap Max Capacity: 2G
 Pre-touch: Disabled
 Parallel Workers: 8
 Concurrent Workers: 2
 Concurrent Refinement Workers: 8
 Periodic GC: Disabled
Heap:
 garbage-first heap   total 140288K, used 87485K [0x0000000080000000, 0x0000000100000000)
  region size 1024K, 5 young (5120K), 5 survivors (5120K)
 Metaspace       used 101198K, committed 103296K, reserved 1179648K
  class space    used 13981K, committed 15040K, reserved 1048576K
GC Heap History (20 events):
Event: 6.898 GC heap after
{Heap after GC invocations=18 (full 0):
 garbage-first heap   total 109568K, used 48343K [0x0000000080000000, 0x0000000100000000)
  region size 1024K, 5 young (5120K), 5 survivors (5120K)
 Metaspace       used 66745K, committed 68416K, reserved 1114112K
  class space    used 9090K, committed 9920K, reserved 1048576K
}
Event: 7.352 GC heap before
{Heap before GC invocations=19 (full 0):
 garbage-first heap   total 109568K, used 103639K [0x0000000080000000, 0x0000000100000000)
  region size 1024K, 53 young (54272K), 5 survivors (5120K)
 Metaspace       used 70332K, committed 72000K, reserved 1114112K
  class space    used 9571K, committed 10432K, reserved 1048576K
}
Event: 7.358 GC heap after
{Heap after GC invocations=20 (full 0):
 garbage-first heap   total 116736K, used 60936K [0x0000000080000000, 0x0000000100000000)
  region size 1024K, 7 young (7168K), 7 survivors (7168K)
 Metaspace       used 70332K, committed 72000K, reserved 1114112K
  class space    used 9571K, committed 10432K, reserved 1048576K
}
Event: 7.915 GC heap before
{Heap before GC invocations=20 (full 0):
 garbage-first heap   total 116736K, used 101896K [0x0000000080000000, 0x0000000100000000)
  region size 1024K, 47 young (48128K), 7 survivors (7168K)
 Metaspace       used 74761K, committed 76544K, reserved 1179648K
  class space    used 10116K, committed 11008K, reserved 1048576K
}
Event: 7.923 GC heap after
{Heap after GC invocations=21 (full 0):
 garbage-first heap   total 140288K, used 61786K [0x0000000080000000, 0x0000000100000000)
  region size 1024K, 2 young (2048K), 2 survivors (2048K)
 Metaspace       used 74761K, committed 76544K, reserved 1179648K
  class space    used 10116K, committed 11008K, reserved 1048576K
}
Event: 8.551 GC heap before
{Heap before GC invocations=21 (full 0):
 garbage-first heap   total 140288K, used 124250K [0x0000000080000000, 0x0000000100000000)
  region size 1024K, 58 young (59392K), 2 survivors (2048K)
 Metaspace       used 79405K, committed 81344K, reserved 1179648K
  class space    used 10728K, committed 11712K, reserved 1048576K
}
Event: 8.556 GC heap after
{Heap after GC invocations=22 (full 0):
 garbage-first heap   total 140288K, used 68311K [0x0000000080000000, 0x0000000100000000)
  region size 1024K, 7 young (7168K), 7 survivors (7168K)
 Metaspace       used 79405K, committed 81344K, reserved 1179648K
  class space    used 10728K, committed 11712K, reserved 1048576K
}
Event: 9.091 GC heap before
{Heap before GC invocations=22 (full 0):
 garbage-first heap   total 140288K, used 121559K [0x0000000080000000, 0x0000000100000000)
  region size 1024K, 59 young (60416K), 7 survivors (7168K)
 Metaspace       used 82683K, committed 84608K, reserved 1179648K
  class space    used 11138K, committed 12096K, reserved 1048576K
}
Event: 9.101 GC heap after
{Heap after GC invocations=23 (full 0):
 garbage-first heap   total 140288K, used 73271K [0x0000000080000000, 0x0000000100000000)
  region size 1024K, 5 young (5120K), 5 survivors (5120K)
 Metaspace       used 82683K, committed 84608K, reserved 1179648K
  class space    used 11138K, committed 12096K, reserved 1048576K
}
Event: 9.304 GC heap before
{Heap before GC invocations=23 (full 0):
 garbage-first heap   total 140288K, used 99895K [0x0000000080000000, 0x0000000100000000)
  region size 1024K, 32 young (32768K), 5 survivors (5120K)
 Metaspace       used 84755K, committed 86720K, reserved 1179648K
  class space    used 11426K, committed 12416K, reserved 1048576K
}
Event: 9.308 GC heap after
{Heap after GC invocations=24 (full 0):
 garbage-first heap   total 140288K, used 74671K [0x0000000080000000, 0x0000000100000000)
  region size 1024K, 2 young (2048K), 2 survivors (2048K)
 Metaspace       used 84755K, committed 86720K, reserved 1179648K
  class space    used 11426K, committed 12416K, reserved 1048576K
}
Event: 9.922 GC heap before
{Heap before GC invocations=25 (full 0):
 garbage-first heap   total 140288K, used 125871K [0x0000000080000000, 0x0000000100000000)
  region size 1024K, 51 young (52224K), 2 survivors (2048K)
 Metaspace       used 88699K, committed 90560K, reserved 1179648K
  class space    used 12139K, committed 13120K, reserved 1048576K
}
Event: 9.926 GC heap after
{Heap after GC invocations=26 (full 0):
 garbage-first heap   total 140288K, used 75713K [0x0000000080000000, 0x0000000100000000)
  region size 1024K, 3 young (3072K), 3 survivors (3072K)
 Metaspace       used 88699K, committed 90560K, reserved 1179648K
  class space    used 12139K, committed 13120K, reserved 1048576K
}
Event: 10.493 GC heap before
{Heap before GC invocations=26 (full 0):
 garbage-first heap   total 140288K, used 126913K [0x0000000080000000, 0x0000000100000000)
  region size 1024K, 53 young (54272K), 3 survivors (3072K)
 Metaspace       used 92879K, committed 94912K, reserved 1179648K
  class space    used 12729K, committed 13760K, reserved 1048576K
}
Event: 10.502 GC heap after
{Heap after GC invocations=27 (full 0):
 garbage-first heap   total 140288K, used 77420K [0x0000000080000000, 0x0000000100000000)
  region size 1024K, 6 young (6144K), 6 survivors (6144K)
 Metaspace       used 92879K, committed 94912K, reserved 1179648K
  class space    used 12729K, committed 13760K, reserved 1048576K
}
Event: 11.027 GC heap before
{Heap before GC invocations=27 (full 0):
 garbage-first heap   total 140288K, used 125548K [0x0000000080000000, 0x0000000100000000)
  region size 1024K, 53 young (54272K), 6 survivors (6144K)
 Metaspace       used 97583K, committed 99648K, reserved 1179648K
  class space    used 13396K, committed 14464K, reserved 1048576K
}
Event: 11.033 GC heap after
{Heap after GC invocations=28 (full 0):
 garbage-first heap   total 140288K, used 79592K [0x0000000080000000, 0x0000000100000000)
  region size 1024K, 6 young (6144K), 6 survivors (6144K)
 Metaspace       used 97583K, committed 99648K, reserved 1179648K
  class space    used 13396K, committed 14464K, reserved 1048576K
}
Event: 11.713 GC heap before
{Heap before GC invocations=29 (full 0):
 garbage-first heap   total 140288K, used 123624K [0x0000000080000000, 0x0000000100000000)
  region size 1024K, 50 young (51200K), 6 survivors (6144K)
 Metaspace       used 100995K, committed 103104K, reserved 1179648K
  class space    used 13971K, committed 15040K, reserved 1048576K
}
Event: 11.722 GC heap after
{Heap after GC invocations=30 (full 0):
 garbage-first heap   total 140288K, used 83434K [0x0000000080000000, 0x0000000100000000)
  region size 1024K, 6 young (6144K), 6 survivors (6144K)
 Metaspace       used 100995K, committed 103104K, reserved 1179648K
  class space    used 13971K, committed 15040K, reserved 1048576K
}
Event: 12.040 GC heap before
{Heap before GC invocations=30 (full 0):
 garbage-first heap   total 140288K, used 124394K [0x0000000080000000, 0x0000000100000000)
  region size 1024K, 47 young (48128K), 6 survivors (6144K)
 Metaspace       used 101198K, committed 103296K, reserved 1179648K
  class space    used 13981K, committed 15040K, reserved 1048576K
}

