# JRE version: OpenJDK Runtime Environment (21.0.4) (build 21.0.4+-12508038-b607.1)
# Java VM: OpenJDK 64-Bit Server VM (21.0.4+-12508038-b607.1, mixed mode, tiered, compressed oops, compressed class ptrs, g1 gc, windows-amd64)
GC Precious Log:
 CardTable entry size: 512
 Card Set container configuration: InlinePtr #cards 5 size 8 Array Of Cards #cards 12 size 40 Howl #buckets 4 coarsen threshold 1843 Howl Bitmap #cards 512 size 80 coarsen threshold 460 Card regions per heap region 1 cards per card region 2048
 CPUs: 8 total, 8 available
 Memory: 7934M
 Large Page Support: Disabled
 NUMA Support: Disabled
 Compressed Oops: Enabled (32-bit)
 Heap Region Size: 1M
 Heap Min Capacity: 8M
 Heap Initial Capacity: 124M
 Heap Max Capacity: 2G
 Pre-touch: Disabled
 Parallel Workers: 8
 Concurrent Workers: 2
 Concurrent Refinement Workers: 8
 Periodic GC: Disabled
Heap:
 garbage-first heap   total 126976K, used 72534K [0x0000000080000000, 0x0000000100000000)
  region size 1024K, 5 young (5120K), 5 survivors (5120K)
 Metaspace       used 82387K, committed 84224K, reserved 1179648K
  class space    used 11095K, committed 12032K, reserved 1048576K
GC Heap History (20 events):
Event: 5.212 GC heap after
{Heap after GC invocations=12 (full 0):
 garbage-first heap   total 99328K, used 37082K [0x0000000080000000, 0x0000000100000000)
  region size 1024K, 6 young (6144K), 6 survivors (6144K)
 Metaspace       used 55512K, committed 56960K, reserved 1114112K
  class space    used 7464K, committed 8192K, reserved 1048576K
}
Event: 5.670 GC heap before
{Heap before GC invocations=12 (full 0):
 garbage-first heap   total 99328K, used 63706K [0x0000000080000000, 0x0000000100000000)
  region size 1024K, 33 young (33792K), 6 survivors (6144K)
 Metaspace       used 59556K, committed 61056K, reserved 1114112K
  class space    used 8056K, committed 8768K, reserved 1048576K
}
Event: 5.675 GC heap after
{Heap after GC invocations=13 (full 0):
 garbage-first heap   total 99328K, used 38354K [0x0000000080000000, 0x0000000100000000)
  region size 1024K, 4 young (4096K), 4 survivors (4096K)
 Metaspace       used 59556K, committed 61056K, reserved 1114112K
  class space    used 8056K, committed 8768K, reserved 1048576K
}
Event: 6.514 GC heap before
{Heap before GC invocations=14 (full 0):
 garbage-first heap   total 99328K, used 87506K [0x0000000080000000, 0x0000000100000000)
  region size 1024K, 52 young (53248K), 4 survivors (4096K)
 Metaspace       used 65025K, committed 66688K, reserved 1114112K
  class space    used 8906K, committed 9728K, reserved 1048576K
}
Event: 6.521 GC heap after
{Heap after GC invocations=15 (full 0):
 garbage-first heap   total 99328K, used 42627K [0x0000000080000000, 0x0000000100000000)
  region size 1024K, 7 young (7168K), 7 survivors (7168K)
 Metaspace       used 65025K, committed 66688K, reserved 1114112K
  class space    used 8906K, committed 9728K, reserved 1048576K
}
Event: 6.849 GC heap before
{Heap before GC invocations=15 (full 0):
 garbage-first heap   total 99328K, used 84611K [0x0000000080000000, 0x0000000100000000)
  region size 1024K, 49 young (50176K), 7 survivors (7168K)
 Metaspace       used 66036K, committed 67648K, reserved 1114112K
  class space    used 9038K, committed 9856K, reserved 1048576K
}
Event: 6.857 GC heap after
{Heap after GC invocations=16 (full 0):
 garbage-first heap   total 99328K, used 46329K [0x0000000080000000, 0x0000000100000000)
  region size 1024K, 5 young (5120K), 5 survivors (5120K)
 Metaspace       used 66036K, committed 67648K, reserved 1114112K
  class space    used 9038K, committed 9856K, reserved 1048576K
}
Event: 7.012 GC heap before
{Heap before GC invocations=16 (full 0):
 garbage-first heap   total 99328K, used 85241K [0x0000000080000000, 0x0000000100000000)
  region size 1024K, 44 young (45056K), 5 survivors (5120K)
 Metaspace       used 66321K, committed 67968K, reserved 1114112K
  class space    used 9038K, committed 9856K, reserved 1048576K
}
Event: 7.015 GC heap after
{Heap after GC invocations=17 (full 0):
 garbage-first heap   total 119808K, used 47483K [0x0000000080000000, 0x0000000100000000)
  region size 1024K, 4 young (4096K), 4 survivors (4096K)
 Metaspace       used 66321K, committed 67968K, reserved 1114112K
  class space    used 9038K, committed 9856K, reserved 1048576K
}
Event: 7.232 GC heap before
{Heap before GC invocations=17 (full 0):
 garbage-first heap   total 119808K, used 104827K [0x0000000080000000, 0x0000000100000000)
  region size 1024K, 61 young (62464K), 4 survivors (4096K)
 Metaspace       used 66620K, committed 68352K, reserved 1114112K
  class space    used 9071K, committed 9920K, reserved 1048576K
}
Event: 7.236 GC heap after
{Heap after GC invocations=18 (full 0):
 garbage-first heap   total 119808K, used 49043K [0x0000000080000000, 0x0000000100000000)
  region size 1024K, 5 young (5120K), 5 survivors (5120K)
 Metaspace       used 66620K, committed 68352K, reserved 1114112K
  class space    used 9071K, committed 9920K, reserved 1048576K
}
Event: 7.854 GC heap before
{Heap before GC invocations=19 (full 0):
 garbage-first heap   total 119808K, used 112531K [0x0000000080000000, 0x0000000100000000)
  region size 1024K, 61 young (62464K), 5 survivors (5120K)
 Metaspace       used 70635K, committed 72320K, reserved 1114112K
  class space    used 9593K, committed 10432K, reserved 1048576K
}
Event: 7.861 GC heap after
{Heap after GC invocations=20 (full 0):
 garbage-first heap   total 125952K, used 61471K [0x0000000080000000, 0x0000000100000000)
  region size 1024K, 8 young (8192K), 8 survivors (8192K)
 Metaspace       used 70635K, committed 72320K, reserved 1114112K
  class space    used 9593K, committed 10432K, reserved 1048576K
}
Event: 8.337 GC heap before
{Heap before GC invocations=20 (full 0):
 garbage-first heap   total 125952K, used 109599K [0x0000000080000000, 0x0000000100000000)
  region size 1024K, 55 young (56320K), 8 survivors (8192K)
 Metaspace       used 75733K, committed 77568K, reserved 1179648K
  class space    used 10271K, committed 11200K, reserved 1048576K
}
Event: 8.342 GC heap after
{Heap after GC invocations=21 (full 0):
 garbage-first heap   total 125952K, used 63377K [0x0000000080000000, 0x0000000100000000)
  region size 1024K, 3 young (3072K), 3 survivors (3072K)
 Metaspace       used 75733K, committed 77568K, reserved 1179648K
  class space    used 10271K, committed 11200K, reserved 1048576K
}
Event: 8.427 GC heap before
{Heap before GC invocations=21 (full 0):
 garbage-first heap   total 125952K, used 66449K [0x0000000080000000, 0x0000000100000000)
  region size 1024K, 7 young (7168K), 3 survivors (3072K)
 Metaspace       used 76954K, committed 78720K, reserved 1179648K
  class space    used 10399K, committed 11264K, reserved 1048576K
}
Event: 8.430 GC heap after
{Heap after GC invocations=22 (full 0):
 garbage-first heap   total 125952K, used 63926K [0x0000000080000000, 0x0000000100000000)
  region size 1024K, 3 young (3072K), 3 survivors (3072K)
 Metaspace       used 76954K, committed 78720K, reserved 1179648K
  class space    used 10399K, committed 11264K, reserved 1048576K
}
Event: 8.879 GC heap before
{Heap before GC invocations=23 (full 0):
 garbage-first heap   total 125952K, used 119222K [0x0000000080000000, 0x0000000100000000)
  region size 1024K, 52 young (53248K), 3 survivors (3072K)
 Metaspace       used 79842K, committed 81600K, reserved 1179648K
  class space    used 10784K, committed 11648K, reserved 1048576K
}
Event: 8.884 GC heap after
{Heap after GC invocations=24 (full 0):
 garbage-first heap   total 126976K, used 69286K [0x0000000080000000, 0x0000000100000000)
  region size 1024K, 7 young (7168K), 7 survivors (7168K)
 Metaspace       used 79842K, committed 81600K, reserved 1179648K
  class space    used 10784K, committed 11648K, reserved 1048576K
}
Event: 9.212 GC heap before
{Heap before GC invocations=24 (full 0):
 garbage-first heap   total 126976K, used 112294K [0x0000000080000000, 0x0000000100000000)
  region size 1024K, 49 young (50176K), 7 survivors (7168K)
 Metaspace       used 82387K, committed 84224K, reserved 1179648K
  class space    used 11095K, committed 12032K, reserved 1048576K
}

