# JRE version: OpenJDK Runtime Environment (21.0.4) (build 21.0.4+-12508038-b607.1)
# Java VM: OpenJDK 64-Bit Server VM (21.0.4+-12508038-b607.1, mixed mode, tiered, compressed oops, compressed class ptrs, g1 gc, windows-amd64)
GC Precious Log:
 CardTable entry size: 512
 Card Set container configuration: InlinePtr #cards 5 size 8 Array Of Cards #cards 12 size 40 Howl #buckets 4 coarsen threshold 1843 Howl Bitmap #cards 512 size 80 coarsen threshold 460 Card regions per heap region 1 cards per card region 2048
 CPUs: 8 total, 8 available
 Memory: 7934M
 Large Page Support: Disabled
 NUMA Support: Disabled
 Compressed Oops: Enabled (32-bit)
 Heap Region Size: 1M
 Heap Min Capacity: 8M
 Heap Initial Capacity: 124M
 Heap Max Capacity: 2G
 Pre-touch: Disabled
 Parallel Workers: 8
 Concurrent Workers: 2
 Concurrent Refinement Workers: 8
 Periodic GC: Disabled
Heap:
 garbage-first heap   total 150528K, used 126011K [0x0000000080000000, 0x0000000100000000)
  region size 1024K, 51 young (52224K), 6 survivors (6144K)
 Metaspace       used 101022K, committed 103040K, reserved 1179648K
  class space    used 13949K, committed 14976K, reserved 1048576K
GC Heap History (20 events):
Event: 7.523 GC heap before
{Heap before GC invocations=17 (full 0):
 garbage-first heap   total 119808K, used 76327K [0x0000000080000000, 0x0000000100000000)
  region size 1024K, 34 young (34816K), 6 survivors (6144K)
 Metaspace       used 66715K, committed 68352K, reserved 1114112K
  class space    used 9082K, committed 9920K, reserved 1048576K
}
Event: 7.528 GC heap after
{Heap after GC invocations=18 (full 0):
 garbage-first heap   total 119808K, used 49838K [0x0000000080000000, 0x0000000100000000)
  region size 1024K, 5 young (5120K), 5 survivors (5120K)
 Metaspace       used 66715K, committed 68352K, reserved 1114112K
  class space    used 9082K, committed 9920K, reserved 1048576K
}
Event: 8.154 GC heap before
{Heap before GC invocations=19 (full 0):
 garbage-first heap   total 119808K, used 112302K [0x0000000080000000, 0x0000000100000000)
  region size 1024K, 60 young (61440K), 5 survivors (5120K)
 Metaspace       used 70901K, committed 72640K, reserved 1114112K
  class space    used 9628K, committed 10496K, reserved 1048576K
}
Event: 8.160 GC heap after
{Heap after GC invocations=20 (full 0):
 garbage-first heap   total 124928K, used 62297K [0x0000000080000000, 0x0000000100000000)
  region size 1024K, 8 young (8192K), 8 survivors (8192K)
 Metaspace       used 70901K, committed 72640K, reserved 1114112K
  class space    used 9628K, committed 10496K, reserved 1048576K
}
Event: 8.669 GC heap before
{Heap before GC invocations=20 (full 0):
 garbage-first heap   total 124928K, used 109401K [0x0000000080000000, 0x0000000100000000)
  region size 1024K, 54 young (55296K), 8 survivors (8192K)
 Metaspace       used 76430K, committed 78208K, reserved 1179648K
  class space    used 10341K, committed 11264K, reserved 1048576K
}
Event: 8.675 GC heap after
{Heap after GC invocations=21 (full 0):
 garbage-first heap   total 150528K, used 64763K [0x0000000080000000, 0x0000000100000000)
  region size 1024K, 3 young (3072K), 3 survivors (3072K)
 Metaspace       used 76430K, committed 78208K, reserved 1179648K
  class space    used 10341K, committed 11264K, reserved 1048576K
}
Event: 8.730 GC heap before
{Heap before GC invocations=21 (full 0):
 garbage-first heap   total 150528K, used 66811K [0x0000000080000000, 0x0000000100000000)
  region size 1024K, 6 young (6144K), 3 survivors (3072K)
 Metaspace       used 76982K, committed 78720K, reserved 1179648K
  class space    used 10400K, committed 11264K, reserved 1048576K
}
Event: 8.733 GC heap after
{Heap after GC invocations=22 (full 0):
 garbage-first heap   total 150528K, used 64849K [0x0000000080000000, 0x0000000100000000)
  region size 1024K, 3 young (3072K), 3 survivors (3072K)
 Metaspace       used 76982K, committed 78720K, reserved 1179648K
  class space    used 10400K, committed 11264K, reserved 1048576K
}
Event: 9.468 GC heap before
{Heap before GC invocations=23 (full 0):
 garbage-first heap   total 150528K, used 131409K [0x0000000080000000, 0x0000000100000000)
  region size 1024K, 63 young (64512K), 3 survivors (3072K)
 Metaspace       used 80770K, committed 82560K, reserved 1179648K
  class space    used 10888K, committed 11776K, reserved 1048576K
}
Event: 9.475 GC heap after
{Heap after GC invocations=24 (full 0):
 garbage-first heap   total 150528K, used 70700K [0x0000000080000000, 0x0000000100000000)
  region size 1024K, 8 young (8192K), 8 survivors (8192K)
 Metaspace       used 80770K, committed 82560K, reserved 1179648K
  class space    used 10888K, committed 11776K, reserved 1048576K
}
Event: 10.026 GC heap before
{Heap before GC invocations=24 (full 0):
 garbage-first heap   total 150528K, used 130092K [0x0000000080000000, 0x0000000100000000)
  region size 1024K, 66 young (67584K), 8 survivors (8192K)
 Metaspace       used 84571K, committed 86400K, reserved 1179648K
  class space    used 11405K, committed 12352K, reserved 1048576K
}
Event: 10.033 GC heap after
{Heap after GC invocations=25 (full 0):
 garbage-first heap   total 150528K, used 74766K [0x0000000080000000, 0x0000000100000000)
  region size 1024K, 5 young (5120K), 5 survivors (5120K)
 Metaspace       used 84571K, committed 86400K, reserved 1179648K
  class space    used 11405K, committed 12352K, reserved 1048576K
}
Event: 10.038 GC heap before
{Heap before GC invocations=25 (full 0):
 garbage-first heap   total 150528K, used 74766K [0x0000000080000000, 0x0000000100000000)
  region size 1024K, 6 young (6144K), 5 survivors (5120K)
 Metaspace       used 84612K, committed 86528K, reserved 1179648K
  class space    used 11409K, committed 12352K, reserved 1048576K
}
Event: 10.041 GC heap after
{Heap after GC invocations=26 (full 0):
 garbage-first heap   total 150528K, used 76036K [0x0000000080000000, 0x0000000100000000)
  region size 1024K, 2 young (2048K), 2 survivors (2048K)
 Metaspace       used 84612K, committed 86528K, reserved 1179648K
  class space    used 11409K, committed 12352K, reserved 1048576K
}
Event: 10.525 GC heap before
{Heap before GC invocations=27 (full 0):
 garbage-first heap   total 150528K, used 126212K [0x0000000080000000, 0x0000000100000000)
  region size 1024K, 50 young (51200K), 2 survivors (2048K)
 Metaspace       used 88520K, committed 90368K, reserved 1179648K
  class space    used 12095K, committed 13056K, reserved 1048576K
}
Event: 10.528 GC heap after
{Heap after GC invocations=28 (full 0):
 garbage-first heap   total 150528K, used 76515K [0x0000000080000000, 0x0000000100000000)
  region size 1024K, 2 young (2048K), 2 survivors (2048K)
 Metaspace       used 88520K, committed 90368K, reserved 1179648K
  class space    used 12095K, committed 13056K, reserved 1048576K
}
Event: 11.075 GC heap before
{Heap before GC invocations=28 (full 0):
 garbage-first heap   total 150528K, used 128739K [0x0000000080000000, 0x0000000100000000)
  region size 1024K, 53 young (54272K), 2 survivors (2048K)
 Metaspace       used 92762K, committed 94784K, reserved 1179648K
  class space    used 12700K, committed 13696K, reserved 1048576K
}
Event: 11.081 GC heap after
{Heap after GC invocations=29 (full 0):
 garbage-first heap   total 150528K, used 78130K [0x0000000080000000, 0x0000000100000000)
  region size 1024K, 5 young (5120K), 5 survivors (5120K)
 Metaspace       used 92762K, committed 94784K, reserved 1179648K
  class space    used 12700K, committed 13696K, reserved 1048576K
}
Event: 11.647 GC heap before
{Heap before GC invocations=29 (full 0):
 garbage-first heap   total 150528K, used 131378K [0x0000000080000000, 0x0000000100000000)
  region size 1024K, 57 young (58368K), 5 survivors (5120K)
 Metaspace       used 97737K, committed 99712K, reserved 1179648K
  class space    used 13409K, committed 14400K, reserved 1048576K
}
Event: 11.654 GC heap after
{Heap after GC invocations=30 (full 0):
 garbage-first heap   total 150528K, used 80955K [0x0000000080000000, 0x0000000100000000)
  region size 1024K, 6 young (6144K), 6 survivors (6144K)
 Metaspace       used 97737K, committed 99712K, reserved 1179648K
  class space    used 13409K, committed 14400K, reserved 1048576K
}

