# JRE version: OpenJDK Runtime Environment (21.0.4) (build 21.0.4+-12508038-b607.1)
# Java VM: OpenJDK 64-Bit Server VM (21.0.4+-12508038-b607.1, mixed mode, tiered, compressed oops, compressed class ptrs, g1 gc, windows-amd64)
GC Precious Log:
 CardTable entry size: 512
 Card Set container configuration: InlinePtr #cards 5 size 8 Array Of Cards #cards 12 size 40 Howl #buckets 4 coarsen threshold 1843 Howl Bitmap #cards 512 size 80 coarsen threshold 460 Card regions per heap region 1 cards per card region 2048
 CPUs: 8 total, 8 available
 Memory: 7934M
 Large Page Support: Disabled
 NUMA Support: Disabled
 Compressed Oops: Enabled (32-bit)
 Heap Region Size: 1M
 Heap Min Capacity: 8M
 Heap Initial Capacity: 124M
 Heap Max Capacity: 2G
 Pre-touch: Disabled
 Parallel Workers: 8
 Concurrent Workers: 2
 Concurrent Refinement Workers: 8
 Periodic GC: Disabled
Heap:
 garbage-first heap   total 139264K, used 74168K [0x0000000080000000, 0x0000000100000000)
  region size 1024K, 2 young (2048K), 2 survivors (2048K)
 Metaspace       used 84692K, committed 86656K, reserved 1179648K
  class space    used 11431K, committed 12416K, reserved 1048576K
GC Heap History (20 events):
Event: 6.319 GC heap after
{Heap after GC invocations=16 (full 0):
 garbage-first heap   total 109568K, used 46229K [0x0000000080000000, 0x0000000100000000)
  region size 1024K, 5 young (5120K), 5 survivors (5120K)
 Metaspace       used 66200K, committed 67904K, reserved 1114112K
  class space    used 9058K, committed 9920K, reserved 1048576K
}
Event: 6.460 GC heap before
{Heap before GC invocations=16 (full 0):
 garbage-first heap   total 109568K, used 96405K [0x0000000080000000, 0x0000000100000000)
  region size 1024K, 55 young (56320K), 5 survivors (5120K)
 Metaspace       used 66515K, committed 68224K, reserved 1114112K
  class space    used 9058K, committed 9920K, reserved 1048576K
}
Event: 6.464 GC heap after
{Heap after GC invocations=17 (full 0):
 garbage-first heap   total 109568K, used 46911K [0x0000000080000000, 0x0000000100000000)
  region size 1024K, 5 young (5120K), 5 survivors (5120K)
 Metaspace       used 66515K, committed 68224K, reserved 1114112K
  class space    used 9058K, committed 9920K, reserved 1048576K
}
Event: 6.606 GC heap before
{Heap before GC invocations=17 (full 0):
 garbage-first heap   total 109568K, used 82751K [0x0000000080000000, 0x0000000100000000)
  region size 1024K, 41 young (41984K), 5 survivors (5120K)
 Metaspace       used 66779K, committed 68416K, reserved 1114112K
  class space    used 9096K, committed 9920K, reserved 1048576K
}
Event: 6.610 GC heap after
{Heap after GC invocations=18 (full 0):
 garbage-first heap   total 109568K, used 48386K [0x0000000080000000, 0x0000000100000000)
  region size 1024K, 5 young (5120K), 5 survivors (5120K)
 Metaspace       used 66779K, committed 68416K, reserved 1114112K
  class space    used 9096K, committed 9920K, reserved 1048576K
}
Event: 7.070 GC heap before
{Heap before GC invocations=19 (full 0):
 garbage-first heap   total 109568K, used 103682K [0x0000000080000000, 0x0000000100000000)
  region size 1024K, 53 young (54272K), 5 survivors (5120K)
 Metaspace       used 70309K, committed 72064K, reserved 1114112K
  class space    used 9566K, committed 10432K, reserved 1048576K
}
Event: 7.075 GC heap after
{Heap after GC invocations=20 (full 0):
 garbage-first heap   total 115712K, used 60416K [0x0000000080000000, 0x0000000100000000)
  region size 1024K, 7 young (7168K), 7 survivors (7168K)
 Metaspace       used 70309K, committed 72064K, reserved 1114112K
  class space    used 9566K, committed 10432K, reserved 1048576K
}
Event: 7.540 GC heap before
{Heap before GC invocations=20 (full 0):
 garbage-first heap   total 115712K, used 101376K [0x0000000080000000, 0x0000000100000000)
  region size 1024K, 47 young (48128K), 7 survivors (7168K)
 Metaspace       used 74752K, committed 76544K, reserved 1179648K
  class space    used 10112K, committed 11008K, reserved 1048576K
}
Event: 7.548 GC heap after
{Heap after GC invocations=21 (full 0):
 garbage-first heap   total 115712K, used 61736K [0x0000000080000000, 0x0000000100000000)
  region size 1024K, 2 young (2048K), 2 survivors (2048K)
 Metaspace       used 74752K, committed 76544K, reserved 1179648K
  class space    used 10112K, committed 11008K, reserved 1048576K
}
Event: 7.794 GC heap before
{Heap before GC invocations=21 (full 0):
 garbage-first heap   total 115712K, used 77096K [0x0000000080000000, 0x0000000100000000)
  region size 1024K, 18 young (18432K), 2 survivors (2048K)
 Metaspace       used 77055K, committed 78848K, reserved 1179648K
  class space    used 10418K, committed 11328K, reserved 1048576K
}
Event: 7.798 GC heap after
{Heap after GC invocations=22 (full 0):
 garbage-first heap   total 139264K, used 63363K [0x0000000080000000, 0x0000000100000000)
  region size 1024K, 4 young (4096K), 4 survivors (4096K)
 Metaspace       used 77055K, committed 78848K, reserved 1179648K
  class space    used 10418K, committed 11328K, reserved 1048576K
}
Event: 7.809 GC heap before
{Heap before GC invocations=22 (full 0):
 garbage-first heap   total 139264K, used 68483K [0x0000000080000000, 0x0000000100000000)
  region size 1024K, 9 young (9216K), 4 survivors (4096K)
 Metaspace       used 77055K, committed 78848K, reserved 1179648K
  class space    used 10418K, committed 11328K, reserved 1048576K
}
Event: 7.814 GC heap after
{Heap after GC invocations=23 (full 0):
 garbage-first heap   total 139264K, used 66444K [0x0000000080000000, 0x0000000100000000)
  region size 1024K, 6 young (6144K), 6 survivors (6144K)
 Metaspace       used 77055K, committed 78848K, reserved 1179648K
  class space    used 10418K, committed 11328K, reserved 1048576K
}
Event: 7.814 GC heap before
{Heap before GC invocations=23 (full 0):
 garbage-first heap   total 139264K, used 67468K [0x0000000080000000, 0x0000000100000000)
  region size 1024K, 7 young (7168K), 6 survivors (6144K)
 Metaspace       used 77055K, committed 78848K, reserved 1179648K
  class space    used 10418K, committed 11328K, reserved 1048576K
}
Event: 7.818 GC heap after
{Heap after GC invocations=24 (full 0):
 garbage-first heap   total 139264K, used 66905K [0x0000000080000000, 0x0000000100000000)
  region size 1024K, 3 young (3072K), 3 survivors (3072K)
 Metaspace       used 77055K, committed 78848K, reserved 1179648K
  class space    used 10418K, committed 11328K, reserved 1048576K
}
Event: 8.247 GC heap before
{Heap before GC invocations=25 (full 0):
 garbage-first heap   total 139264K, used 114009K [0x0000000080000000, 0x0000000100000000)
  region size 1024K, 46 young (47104K), 3 survivors (3072K)
 Metaspace       used 79856K, committed 81664K, reserved 1179648K
  class space    used 10793K, committed 11712K, reserved 1048576K
}
Event: 8.252 GC heap after
{Heap after GC invocations=26 (full 0):
 garbage-first heap   total 139264K, used 68607K [0x0000000080000000, 0x0000000100000000)
  region size 1024K, 5 young (5120K), 5 survivors (5120K)
 Metaspace       used 79856K, committed 81664K, reserved 1179648K
  class space    used 10793K, committed 11712K, reserved 1048576K
}
Event: 8.717 GC heap before
{Heap before GC invocations=26 (full 0):
 garbage-first heap   total 139264K, used 114687K [0x0000000080000000, 0x0000000100000000)
  region size 1024K, 50 young (51200K), 5 survivors (5120K)
 Metaspace       used 82520K, committed 84352K, reserved 1179648K
  class space    used 11125K, committed 12032K, reserved 1048576K
}
Event: 8.727 GC heap after
{Heap after GC invocations=27 (full 0):
 garbage-first heap   total 139264K, used 72129K [0x0000000080000000, 0x0000000100000000)
  region size 1024K, 7 young (7168K), 7 survivors (7168K)
 Metaspace       used 82520K, committed 84352K, reserved 1179648K
  class space    used 11125K, committed 12032K, reserved 1048576K
}
Event: 9.009 GC heap before
{Heap before GC invocations=27 (full 0):
 garbage-first heap   total 139264K, used 99777K [0x0000000080000000, 0x0000000100000000)
  region size 1024K, 35 young (35840K), 7 survivors (7168K)
 Metaspace       used 84692K, committed 86656K, reserved 1179648K
  class space    used 11431K, committed 12416K, reserved 1048576K
}

