# JRE version: OpenJDK Runtime Environment (21.0.4) (build 21.0.4+-12508038-b607.1)
# Java VM: OpenJDK 64-Bit Server VM (21.0.4+-12508038-b607.1, mixed mode, tiered, compressed oops, compressed class ptrs, g1 gc, windows-amd64)
GC Precious Log:
 CardTable entry size: 512
 Card Set container configuration: InlinePtr #cards 5 size 8 Array Of Cards #cards 12 size 40 Howl #buckets 4 coarsen threshold 1843 Howl Bitmap #cards 512 size 80 coarsen threshold 460 Card regions per heap region 1 cards per card region 2048
 CPUs: 8 total, 8 available
 Memory: 7934M
 Large Page Support: Disabled
 NUMA Support: Disabled
 Compressed Oops: Enabled (32-bit)
 Heap Region Size: 1M
 Heap Min Capacity: 8M
 Heap Initial Capacity: 124M
 Heap Max Capacity: 2G
 Pre-touch: Disabled
 Parallel Workers: 8
 Concurrent Workers: 2
 Concurrent Refinement Workers: 8
 Periodic GC: Disabled
Heap:
 garbage-first heap   total 110592K, used 70049K [0x0000000080000000, 0x0000000100000000)
  region size 1024K, 29 young (29696K), 4 survivors (4096K)
 Metaspace       used 66424K, committed 68096K, reserved 1114112K
  class space    used 9047K, committed 9856K, reserved 1048576K
GC Heap History (20 events):
Event: 3.178 GC heap before
{Heap before GC invocations=6 (full 0):
 garbage-first heap   total 87040K, used 64767K [0x0000000080000000, 0x0000000100000000)
  region size 1024K, 46 young (47104K), 6 survivors (6144K)
 Metaspace       used 35236K, committed 36096K, reserved 1114112K
  class space    used 4723K, committed 5120K, reserved 1048576K
}
Event: 3.190 GC heap after
{Heap after GC invocations=7 (full 0):
 garbage-first heap   total 87040K, used 26685K [0x0000000080000000, 0x0000000100000000)
  region size 1024K, 6 young (6144K), 6 survivors (6144K)
 Metaspace       used 35236K, committed 36096K, reserved 1114112K
  class space    used 4723K, committed 5120K, reserved 1048576K
}
Event: 3.243 GC heap before
{Heap before GC invocations=7 (full 0):
 garbage-first heap   total 87040K, used 29757K [0x0000000080000000, 0x0000000100000000)
  region size 1024K, 10 young (10240K), 6 survivors (6144K)
 Metaspace       used 35586K, committed 36416K, reserved 1114112K
  class space    used 4779K, committed 5184K, reserved 1048576K
}
Event: 3.249 GC heap after
{Heap after GC invocations=8 (full 0):
 garbage-first heap   total 104448K, used 27031K [0x0000000080000000, 0x0000000100000000)
  region size 1024K, 3 young (3072K), 3 survivors (3072K)
 Metaspace       used 35586K, committed 36416K, reserved 1114112K
  class space    used 4779K, committed 5184K, reserved 1048576K
}
Event: 4.043 GC heap before
{Heap before GC invocations=9 (full 0):
 garbage-first heap   total 92160K, used 78231K [0x0000000080000000, 0x0000000100000000)
  region size 1024K, 54 young (55296K), 3 survivors (3072K)
 Metaspace       used 45070K, committed 46272K, reserved 1114112K
  class space    used 6012K, committed 6592K, reserved 1048576K
}
Event: 4.049 GC heap after
{Heap after GC invocations=10 (full 0):
 garbage-first heap   total 92160K, used 31456K [0x0000000080000000, 0x0000000100000000)
  region size 1024K, 7 young (7168K), 7 survivors (7168K)
 Metaspace       used 45070K, committed 46272K, reserved 1114112K
  class space    used 6012K, committed 6592K, reserved 1048576K
}
Event: 4.302 GC heap before
{Heap before GC invocations=10 (full 0):
 garbage-first heap   total 92160K, used 78560K [0x0000000080000000, 0x0000000100000000)
  region size 1024K, 53 young (54272K), 7 survivors (7168K)
 Metaspace       used 46502K, committed 47808K, reserved 1114112K
  class space    used 6220K, committed 6912K, reserved 1048576K
}
Event: 4.309 GC heap after
{Heap after GC invocations=11 (full 0):
 garbage-first heap   total 92160K, used 33685K [0x0000000080000000, 0x0000000100000000)
  region size 1024K, 3 young (3072K), 3 survivors (3072K)
 Metaspace       used 46502K, committed 47808K, reserved 1114112K
  class space    used 6220K, committed 6912K, reserved 1048576K
}
Event: 4.954 GC heap before
{Heap before GC invocations=11 (full 0):
 garbage-first heap   total 92160K, used 81813K [0x0000000080000000, 0x0000000100000000)
  region size 1024K, 49 young (50176K), 3 survivors (3072K)
 Metaspace       used 52910K, committed 54400K, reserved 1114112K
  class space    used 7130K, committed 7872K, reserved 1048576K
}
Event: 4.960 GC heap after
{Heap after GC invocations=12 (full 0):
 garbage-first heap   total 92160K, used 36341K [0x0000000080000000, 0x0000000100000000)
  region size 1024K, 5 young (5120K), 5 survivors (5120K)
 Metaspace       used 52910K, committed 54400K, reserved 1114112K
  class space    used 7130K, committed 7872K, reserved 1048576K
}
Event: 5.623 GC heap before
{Heap before GC invocations=12 (full 0):
 garbage-first heap   total 92160K, used 81397K [0x0000000080000000, 0x0000000100000000)
  region size 1024K, 49 young (50176K), 5 survivors (5120K)
 Metaspace       used 59418K, committed 60928K, reserved 1114112K
  class space    used 8041K, committed 8768K, reserved 1048576K
}
Event: 5.631 GC heap after
{Heap after GC invocations=13 (full 0):
 garbage-first heap   total 92160K, used 38850K [0x0000000080000000, 0x0000000100000000)
  region size 1024K, 6 young (6144K), 6 survivors (6144K)
 Metaspace       used 59418K, committed 60928K, reserved 1114112K
  class space    used 8041K, committed 8768K, reserved 1048576K
}
Event: 5.634 GC heap before
{Heap before GC invocations=13 (full 0):
 garbage-first heap   total 92160K, used 38850K [0x0000000080000000, 0x0000000100000000)
  region size 1024K, 7 young (7168K), 6 survivors (6144K)
 Metaspace       used 59472K, committed 60928K, reserved 1114112K
  class space    used 8045K, committed 8768K, reserved 1048576K
}
Event: 5.640 GC heap after
{Heap after GC invocations=14 (full 0):
 garbage-first heap   total 92160K, used 38983K [0x0000000080000000, 0x0000000100000000)
  region size 1024K, 3 young (3072K), 3 survivors (3072K)
 Metaspace       used 59472K, committed 60928K, reserved 1114112K
  class space    used 8045K, committed 8768K, reserved 1048576K
}
Event: 6.439 GC heap before
{Heap before GC invocations=15 (full 0):
 garbage-first heap   total 92160K, used 83015K [0x0000000080000000, 0x0000000100000000)
  region size 1024K, 46 young (47104K), 3 survivors (3072K)
 Metaspace       used 64798K, committed 66432K, reserved 1114112K
  class space    used 8901K, committed 9728K, reserved 1048576K
}
Event: 6.446 GC heap after
{Heap after GC invocations=16 (full 0):
 garbage-first heap   total 92160K, used 41745K [0x0000000080000000, 0x0000000100000000)
  region size 1024K, 6 young (6144K), 6 survivors (6144K)
 Metaspace       used 64798K, committed 66432K, reserved 1114112K
  class space    used 8901K, committed 9728K, reserved 1048576K
}
Event: 6.878 GC heap before
{Heap before GC invocations=16 (full 0):
 garbage-first heap   total 92160K, used 78609K [0x0000000080000000, 0x0000000100000000)
  region size 1024K, 43 young (44032K), 6 survivors (6144K)
 Metaspace       used 65846K, committed 67520K, reserved 1114112K
  class space    used 9020K, committed 9856K, reserved 1048576K
}
Event: 6.887 GC heap after
{Heap after GC invocations=17 (full 0):
 garbage-first heap   total 92160K, used 45181K [0x0000000080000000, 0x0000000100000000)
  region size 1024K, 5 young (5120K), 5 survivors (5120K)
 Metaspace       used 65846K, committed 67520K, reserved 1114112K
  class space    used 9020K, committed 9856K, reserved 1048576K
}
Event: 7.161 GC heap before
{Heap before GC invocations=17 (full 0):
 garbage-first heap   total 92160K, used 79997K [0x0000000080000000, 0x0000000100000000)
  region size 1024K, 40 young (40960K), 5 survivors (5120K)
 Metaspace       used 66302K, committed 67904K, reserved 1114112K
  class space    used 9047K, committed 9856K, reserved 1048576K
}
Event: 7.166 GC heap after
{Heap after GC invocations=18 (full 0):
 garbage-first heap   total 110592K, used 46497K [0x0000000080000000, 0x0000000100000000)
  region size 1024K, 4 young (4096K), 4 survivors (4096K)
 Metaspace       used 66302K, committed 67904K, reserved 1114112K
  class space    used 9047K, committed 9856K, reserved 1048576K
}

