# JRE version: OpenJDK Runtime Environment (21.0.4) (build 21.0.4+-12508038-b607.1)
# Java VM: OpenJDK 64-Bit Server VM (21.0.4+-12508038-b607.1, mixed mode, tiered, compressed oops, compressed class ptrs, g1 gc, windows-amd64)
GC Precious Log:
 CardTable entry size: 512
 Card Set container configuration: InlinePtr #cards 5 size 8 Array Of Cards #cards 12 size 40 Howl #buckets 4 coarsen threshold 1843 Howl Bitmap #cards 512 size 80 coarsen threshold 460 Card regions per heap region 1 cards per card region 2048
 CPUs: 8 total, 8 available
 Memory: 7934M
 Large Page Support: Disabled
 NUMA Support: Disabled
 Compressed Oops: Enabled (32-bit)
 Heap Region Size: 1M
 Heap Min Capacity: 8M
 Heap Initial Capacity: 124M
 Heap Max Capacity: 2G
 Pre-touch: Disabled
 Parallel Workers: 8
 Concurrent Workers: 2
 Concurrent Refinement Workers: 8
 Periodic GC: Disabled
Heap:
 garbage-first heap   total 99328K, used 63793K [0x0000000080000000, 0x0000000100000000)
  region size 1024K, 29 young (29696K), 4 survivors (4096K)
 Metaspace       used 62722K, committed 64256K, reserved 1114112K
  class space    used 8596K, committed 9344K, reserved 1048576K
GC Heap History (20 events):
Event: 0.780 GC heap before
{Heap before GC invocations=1 (full 0):
 garbage-first heap   total 126976K, used 40320K [0x0000000080000000, 0x0000000100000000)
  region size 1024K, 35 young (35840K), 3 survivors (3072K)
 Metaspace       used 12127K, committed 12352K, reserved 1114112K
  class space    used 1278K, committed 1408K, reserved 1048576K
}
Event: 0.786 GC heap after
{Heap after GC invocations=2 (full 0):
 garbage-first heap   total 126976K, used 12974K [0x0000000080000000, 0x0000000100000000)
  region size 1024K, 4 young (4096K), 4 survivors (4096K)
 Metaspace       used 12127K, committed 12352K, reserved 1114112K
  class space    used 1278K, committed 1408K, reserved 1048576K
}
Event: 1.240 GC heap before
{Heap before GC invocations=2 (full 0):
 garbage-first heap   total 126976K, used 62126K [0x0000000080000000, 0x0000000100000000)
  region size 1024K, 50 young (51200K), 4 survivors (4096K)
 Metaspace       used 14894K, committed 15104K, reserved 1114112K
  class space    used 1620K, committed 1728K, reserved 1048576K
}
Event: 1.248 GC heap after
{Heap after GC invocations=3 (full 0):
 garbage-first heap   total 126976K, used 19643K [0x0000000080000000, 0x0000000100000000)
  region size 1024K, 7 young (7168K), 7 survivors (7168K)
 Metaspace       used 14894K, committed 15104K, reserved 1114112K
  class space    used 1620K, committed 1728K, reserved 1048576K
}
Event: 1.636 GC heap before
{Heap before GC invocations=3 (full 0):
 garbage-first heap   total 126976K, used 40123K [0x0000000080000000, 0x0000000100000000)
  region size 1024K, 28 young (28672K), 7 survivors (7168K)
 Metaspace       used 21148K, committed 21504K, reserved 1114112K
  class space    used 2441K, committed 2624K, reserved 1048576K
}
Event: 1.640 GC heap after
{Heap after GC invocations=4 (full 0):
 garbage-first heap   total 126976K, used 22448K [0x0000000080000000, 0x0000000100000000)
  region size 1024K, 8 young (8192K), 8 survivors (8192K)
 Metaspace       used 21148K, committed 21504K, reserved 1114112K
  class space    used 2441K, committed 2624K, reserved 1048576K
}
Event: 2.415 GC heap before
{Heap before GC invocations=5 (full 0):
 garbage-first heap   total 78848K, used 76720K [0x0000000080000000, 0x0000000100000000)
  region size 1024K, 62 young (63488K), 8 survivors (8192K)
 Metaspace       used 30141K, committed 30784K, reserved 1114112K
  class space    used 3872K, committed 4160K, reserved 1048576K
}
Event: 2.423 GC heap after
{Heap after GC invocations=6 (full 0):
 garbage-first heap   total 90112K, used 25674K [0x0000000080000000, 0x0000000100000000)
  region size 1024K, 6 young (6144K), 6 survivors (6144K)
 Metaspace       used 30141K, committed 30784K, reserved 1114112K
  class space    used 3872K, committed 4160K, reserved 1048576K
}
Event: 2.969 GC heap before
{Heap before GC invocations=6 (full 0):
 garbage-first heap   total 90112K, used 63562K [0x0000000080000000, 0x0000000100000000)
  region size 1024K, 44 young (45056K), 6 survivors (6144K)
 Metaspace       used 35357K, committed 36160K, reserved 1114112K
  class space    used 4736K, committed 5120K, reserved 1048576K
}
Event: 2.976 GC heap after
{Heap after GC invocations=7 (full 0):
 garbage-first heap   total 90112K, used 27358K [0x0000000080000000, 0x0000000100000000)
  region size 1024K, 6 young (6144K), 6 survivors (6144K)
 Metaspace       used 35357K, committed 36160K, reserved 1114112K
  class space    used 4736K, committed 5120K, reserved 1048576K
}
Event: 3.008 GC heap before
{Heap before GC invocations=7 (full 0):
 garbage-first heap   total 90112K, used 30430K [0x0000000080000000, 0x0000000100000000)
  region size 1024K, 10 young (10240K), 6 survivors (6144K)
 Metaspace       used 35672K, committed 36480K, reserved 1114112K
  class space    used 4787K, committed 5184K, reserved 1048576K
}
Event: 3.013 GC heap after
{Heap after GC invocations=8 (full 0):
 garbage-first heap   total 108544K, used 28103K [0x0000000080000000, 0x0000000100000000)
  region size 1024K, 3 young (3072K), 3 survivors (3072K)
 Metaspace       used 35672K, committed 36480K, reserved 1114112K
  class space    used 4787K, committed 5184K, reserved 1048576K
}
Event: 3.787 GC heap before
{Heap before GC invocations=9 (full 0):
 garbage-first heap   total 96256K, used 88519K [0x0000000080000000, 0x0000000100000000)
  region size 1024K, 63 young (64512K), 3 survivors (3072K)
 Metaspace       used 45415K, committed 46528K, reserved 1114112K
  class space    used 6038K, committed 6592K, reserved 1048576K
}
Event: 3.794 GC heap after
{Heap after GC invocations=10 (full 0):
 garbage-first heap   total 99328K, used 33800K [0x0000000080000000, 0x0000000100000000)
  region size 1024K, 8 young (8192K), 8 survivors (8192K)
 Metaspace       used 45415K, committed 46528K, reserved 1114112K
  class space    used 6038K, committed 6592K, reserved 1048576K
}
Event: 4.185 GC heap before
{Heap before GC invocations=10 (full 0):
 garbage-first heap   total 99328K, used 83976K [0x0000000080000000, 0x0000000100000000)
  region size 1024K, 57 young (58368K), 8 survivors (8192K)
 Metaspace       used 47994K, committed 49280K, reserved 1114112K
  class space    used 6453K, committed 7104K, reserved 1048576K
}
Event: 4.195 GC heap after
{Heap after GC invocations=11 (full 0):
 garbage-first heap   total 99328K, used 35932K [0x0000000080000000, 0x0000000100000000)
  region size 1024K, 4 young (4096K), 4 survivors (4096K)
 Metaspace       used 47994K, committed 49280K, reserved 1114112K
  class space    used 6453K, committed 7104K, reserved 1048576K
}
Event: 4.825 GC heap before
{Heap before GC invocations=11 (full 0):
 garbage-first heap   total 99328K, used 87132K [0x0000000080000000, 0x0000000100000000)
  region size 1024K, 53 young (54272K), 4 survivors (4096K)
 Metaspace       used 55165K, committed 56640K, reserved 1114112K
  class space    used 7422K, committed 8128K, reserved 1048576K
}
Event: 4.830 GC heap after
{Heap after GC invocations=12 (full 0):
 garbage-first heap   total 99328K, used 37774K [0x0000000080000000, 0x0000000100000000)
  region size 1024K, 6 young (6144K), 6 survivors (6144K)
 Metaspace       used 55165K, committed 56640K, reserved 1114112K
  class space    used 7422K, committed 8128K, reserved 1048576K
}
Event: 5.395 GC heap before
{Heap before GC invocations=12 (full 0):
 garbage-first heap   total 99328K, used 67470K [0x0000000080000000, 0x0000000100000000)
  region size 1024K, 36 young (36864K), 6 survivors (6144K)
 Metaspace       used 59645K, committed 61120K, reserved 1114112K
  class space    used 8069K, committed 8768K, reserved 1048576K
}
Event: 5.402 GC heap after
{Heap after GC invocations=13 (full 0):
 garbage-first heap   total 99328K, used 39217K [0x0000000080000000, 0x0000000100000000)
  region size 1024K, 4 young (4096K), 4 survivors (4096K)
 Metaspace       used 59645K, committed 61120K, reserved 1114112K
  class space    used 8069K, committed 8768K, reserved 1048576K
}

