# JRE version: OpenJDK Runtime Environment (21.0.4) (build 21.0.4+-12508038-b607.1)
# Java VM: OpenJDK 64-Bit Server VM (21.0.4+-12508038-b607.1, mixed mode, tiered, compressed oops, compressed class ptrs, g1 gc, windows-amd64)
GC Precious Log:
 CardTable entry size: 512
 Card Set container configuration: InlinePtr #cards 5 size 8 Array Of Cards #cards 12 size 40 Howl #buckets 4 coarsen threshold 1843 Howl Bitmap #cards 512 size 80 coarsen threshold 460 Card regions per heap region 1 cards per card region 2048
 CPUs: 8 total, 8 available
 Memory: 7934M
 Large Page Support: Disabled
 NUMA Support: Disabled
 Compressed Oops: Enabled (32-bit)
 Heap Region Size: 1M
 Heap Min Capacity: 8M
 Heap Initial Capacity: 124M
 Heap Max Capacity: 2G
 Pre-touch: Disabled
 Parallel Workers: 8
 Concurrent Workers: 2
 Concurrent Refinement Workers: 8
 Periodic GC: Disabled
Heap:
 garbage-first heap   total 121856K, used 87395K [0x0000000080000000, 0x0000000100000000)
  region size 1024K, 25 young (25600K), 6 survivors (6144K)
 Metaspace       used 80923K, committed 82752K, reserved 1179648K
  class space    used 10918K, committed 11840K, reserved 1048576K
GC Heap History (20 events):
Event: 4.533 GC heap before
{Heap before GC invocations=11 (full 0):
 garbage-first heap   total 96256K, used 83637K [0x0000000080000000, 0x0000000100000000)
  region size 1024K, 50 young (51200K), 3 survivors (3072K)
 Metaspace       used 53634K, committed 55168K, reserved 1114112K
  class space    used 7237K, committed 8000K, reserved 1048576K
}
Event: 4.538 GC heap after
{Heap after GC invocations=12 (full 0):
 garbage-first heap   total 96256K, used 37271K [0x0000000080000000, 0x0000000100000000)
  region size 1024K, 6 young (6144K), 6 survivors (6144K)
 Metaspace       used 53634K, committed 55168K, reserved 1114112K
  class space    used 7237K, committed 8000K, reserved 1048576K
}
Event: 5.080 GC heap before
{Heap before GC invocations=12 (full 0):
 garbage-first heap   total 96256K, used 77207K [0x0000000080000000, 0x0000000100000000)
  region size 1024K, 46 young (47104K), 6 survivors (6144K)
 Metaspace       used 59563K, committed 61056K, reserved 1114112K
  class space    used 8066K, committed 8832K, reserved 1048576K
}
Event: 5.086 GC heap after
{Heap after GC invocations=13 (full 0):
 garbage-first heap   total 96256K, used 39026K [0x0000000080000000, 0x0000000100000000)
  region size 1024K, 5 young (5120K), 5 survivors (5120K)
 Metaspace       used 59563K, committed 61056K, reserved 1114112K
  class space    used 8066K, committed 8832K, reserved 1048576K
}
Event: 5.888 GC heap before
{Heap before GC invocations=14 (full 0):
 garbage-first heap   total 96256K, used 84082K [0x0000000080000000, 0x0000000100000000)
  region size 1024K, 49 young (50176K), 5 survivors (5120K)
 Metaspace       used 64883K, committed 66496K, reserved 1114112K
  class space    used 8920K, committed 9728K, reserved 1048576K
}
Event: 5.897 GC heap after
{Heap after GC invocations=15 (full 0):
 garbage-first heap   total 96256K, used 42652K [0x0000000080000000, 0x0000000100000000)
  region size 1024K, 6 young (6144K), 6 survivors (6144K)
 Metaspace       used 64883K, committed 66496K, reserved 1114112K
  class space    used 8920K, committed 9728K, reserved 1048576K
}
Event: 6.234 GC heap before
{Heap before GC invocations=15 (full 0):
 garbage-first heap   total 96256K, used 81564K [0x0000000080000000, 0x0000000100000000)
  region size 1024K, 45 young (46080K), 6 survivors (6144K)
 Metaspace       used 65852K, committed 67520K, reserved 1114112K
  class space    used 9034K, committed 9856K, reserved 1048576K
}
Event: 6.243 GC heap after
{Heap after GC invocations=16 (full 0):
 garbage-first heap   total 115712K, used 46015K [0x0000000080000000, 0x0000000100000000)
  region size 1024K, 5 young (5120K), 5 survivors (5120K)
 Metaspace       used 65852K, committed 67520K, reserved 1114112K
  class space    used 9034K, committed 9856K, reserved 1048576K
}
Event: 6.479 GC heap before
{Heap before GC invocations=16 (full 0):
 garbage-first heap   total 115712K, used 101311K [0x0000000080000000, 0x0000000100000000)
  region size 1024K, 60 young (61440K), 5 survivors (5120K)
 Metaspace       used 66399K, committed 68096K, reserved 1114112K
  class space    used 9062K, committed 9920K, reserved 1048576K
}
Event: 6.484 GC heap after
{Heap after GC invocations=17 (full 0):
 garbage-first heap   total 115712K, used 47981K [0x0000000080000000, 0x0000000100000000)
  region size 1024K, 4 young (4096K), 4 survivors (4096K)
 Metaspace       used 66399K, committed 68096K, reserved 1114112K
  class space    used 9062K, committed 9920K, reserved 1048576K
}
Event: 6.702 GC heap before
{Heap before GC invocations=17 (full 0):
 garbage-first heap   total 115712K, used 99181K [0x0000000080000000, 0x0000000100000000)
  region size 1024K, 56 young (57344K), 4 survivors (4096K)
 Metaspace       used 66752K, committed 68416K, reserved 1114112K
  class space    used 9099K, committed 9920K, reserved 1048576K
}
Event: 6.707 GC heap after
{Heap after GC invocations=18 (full 0):
 garbage-first heap   total 115712K, used 49240K [0x0000000080000000, 0x0000000100000000)
  region size 1024K, 6 young (6144K), 6 survivors (6144K)
 Metaspace       used 66752K, committed 68416K, reserved 1114112K
  class space    used 9099K, committed 9920K, reserved 1048576K
}
Event: 7.233 GC heap before
{Heap before GC invocations=19 (full 0):
 garbage-first heap   total 115712K, used 107608K [0x0000000080000000, 0x0000000100000000)
  region size 1024K, 57 young (58368K), 6 survivors (6144K)
 Metaspace       used 70579K, committed 72256K, reserved 1114112K
  class space    used 9602K, committed 10432K, reserved 1048576K
}
Event: 7.238 GC heap after
{Heap after GC invocations=20 (full 0):
 garbage-first heap   total 120832K, used 61340K [0x0000000080000000, 0x0000000100000000)
  region size 1024K, 8 young (8192K), 8 survivors (8192K)
 Metaspace       used 70579K, committed 72256K, reserved 1114112K
  class space    used 9602K, committed 10432K, reserved 1048576K
}
Event: 7.730 GC heap before
{Heap before GC invocations=20 (full 0):
 garbage-first heap   total 120832K, used 105372K [0x0000000080000000, 0x0000000100000000)
  region size 1024K, 51 young (52224K), 8 survivors (8192K)
 Metaspace       used 75405K, committed 77248K, reserved 1179648K
  class space    used 10232K, committed 11136K, reserved 1048576K
}
Event: 7.735 GC heap after
{Heap after GC invocations=21 (full 0):
 garbage-first heap   total 120832K, used 62833K [0x0000000080000000, 0x0000000100000000)
  region size 1024K, 2 young (2048K), 2 survivors (2048K)
 Metaspace       used 75405K, committed 77248K, reserved 1179648K
  class space    used 10232K, committed 11136K, reserved 1048576K
}
Event: 7.861 GC heap before
{Heap before GC invocations=21 (full 0):
 garbage-first heap   total 120832K, used 72049K [0x0000000080000000, 0x0000000100000000)
  region size 1024K, 12 young (12288K), 2 survivors (2048K)
 Metaspace       used 77037K, committed 78848K, reserved 1179648K
  class space    used 10421K, committed 11328K, reserved 1048576K
}
Event: 7.865 GC heap after
{Heap after GC invocations=22 (full 0):
 garbage-first heap   total 120832K, used 64177K [0x0000000080000000, 0x0000000100000000)
  region size 1024K, 4 young (4096K), 4 survivors (4096K)
 Metaspace       used 77037K, committed 78848K, reserved 1179648K
  class space    used 10421K, committed 11328K, reserved 1048576K
}
Event: 8.308 GC heap before
{Heap before GC invocations=23 (full 0):
 garbage-first heap   total 120832K, used 113329K [0x0000000080000000, 0x0000000100000000)
  region size 1024K, 47 young (48128K), 4 survivors (4096K)
 Metaspace       used 79517K, committed 81408K, reserved 1179648K
  class space    used 10758K, committed 11712K, reserved 1048576K
}
Event: 8.313 GC heap after
{Heap after GC invocations=24 (full 0):
 garbage-first heap   total 121856K, used 68963K [0x0000000080000000, 0x0000000100000000)
  region size 1024K, 6 young (6144K), 6 survivors (6144K)
 Metaspace       used 79517K, committed 81408K, reserved 1179648K
  class space    used 10758K, committed 11712K, reserved 1048576K
}

