# JRE version: OpenJDK Runtime Environment (21.0.4) (build 21.0.4+-12508038-b607.1)
# Java VM: OpenJDK 64-Bit Server VM (21.0.4+-12508038-b607.1, mixed mode, tiered, compressed oops, compressed class ptrs, g1 gc, windows-amd64)
GC Precious Log:
 CardTable entry size: 512
 Card Set container configuration: InlinePtr #cards 5 size 8 Array Of Cards #cards 12 size 40 Howl #buckets 4 coarsen threshold 1843 Howl Bitmap #cards 512 size 80 coarsen threshold 460 Card regions per heap region 1 cards per card region 2048
 CPUs: 8 total, 8 available
 Memory: 7934M
 Large Page Support: Disabled
 NUMA Support: Disabled
 Compressed Oops: Enabled (32-bit)
 Heap Region Size: 1M
 Heap Min Capacity: 8M
 Heap Initial Capacity: 124M
 Heap Max Capacity: 2G
 Pre-touch: Disabled
 Parallel Workers: 8
 Concurrent Workers: 2
 Concurrent Refinement Workers: 8
 Periodic GC: Disabled
Heap:
 garbage-first heap   total 116736K, used 64090K [0x0000000080000000, 0x0000000100000000)
  region size 1024K, 4 young (4096K), 4 survivors (4096K)
 Metaspace       used 76975K, committed 78720K, reserved 1179648K
  class space    used 10408K, committed 11264K, reserved 1048576K
GC Heap History (20 events):
Event: 3.609 GC heap after
{Heap after GC invocations=10 (full 0):
 garbage-first heap   total 91136K, used 31178K [0x0000000080000000, 0x0000000100000000)
  region size 1024K, 7 young (7168K), 7 survivors (7168K)
 Metaspace       used 43983K, committed 45248K, reserved 1114112K
  class space    used 5895K, committed 6528K, reserved 1048576K
}
Event: 3.874 GC heap before
{Heap before GC invocations=10 (full 0):
 garbage-first heap   total 91136K, used 77258K [0x0000000080000000, 0x0000000100000000)
  region size 1024K, 53 young (54272K), 7 survivors (7168K)
 Metaspace       used 46481K, committed 47744K, reserved 1114112K
  class space    used 6217K, committed 6848K, reserved 1048576K
}
Event: 3.882 GC heap after
{Heap after GC invocations=11 (full 0):
 garbage-first heap   total 91136K, used 34650K [0x0000000080000000, 0x0000000100000000)
  region size 1024K, 4 young (4096K), 4 survivors (4096K)
 Metaspace       used 46481K, committed 47744K, reserved 1114112K
  class space    used 6217K, committed 6848K, reserved 1048576K
}
Event: 4.609 GC heap before
{Heap before GC invocations=11 (full 0):
 garbage-first heap   total 91136K, used 79706K [0x0000000080000000, 0x0000000100000000)
  region size 1024K, 48 young (49152K), 4 survivors (4096K)
 Metaspace       used 51267K, committed 52736K, reserved 1114112K
  class space    used 7003K, committed 7744K, reserved 1048576K
}
Event: 4.615 GC heap after
{Heap after GC invocations=12 (full 0):
 garbage-first heap   total 109568K, used 36225K [0x0000000080000000, 0x0000000100000000)
  region size 1024K, 5 young (5120K), 5 survivors (5120K)
 Metaspace       used 51267K, committed 52736K, reserved 1114112K
  class space    used 7003K, committed 7744K, reserved 1048576K
}
Event: 5.338 GC heap before
{Heap before GC invocations=12 (full 0):
 garbage-first heap   total 109568K, used 87425K [0x0000000080000000, 0x0000000100000000)
  region size 1024K, 54 young (55296K), 5 survivors (5120K)
 Metaspace       used 59024K, committed 60480K, reserved 1114112K
  class space    used 7981K, committed 8704K, reserved 1048576K
}
Event: 5.346 GC heap after
{Heap after GC invocations=13 (full 0):
 garbage-first heap   total 109568K, used 38649K [0x0000000080000000, 0x0000000100000000)
  region size 1024K, 6 young (6144K), 6 survivors (6144K)
 Metaspace       used 59024K, committed 60480K, reserved 1114112K
  class space    used 7981K, committed 8704K, reserved 1048576K
}
Event: 6.449 GC heap before
{Heap before GC invocations=14 (full 0):
 garbage-first heap   total 109568K, used 95993K [0x0000000080000000, 0x0000000100000000)
  region size 1024K, 62 young (63488K), 6 survivors (6144K)
 Metaspace       used 65150K, committed 66816K, reserved 1114112K
  class space    used 8924K, committed 9728K, reserved 1048576K
}
Event: 6.459 GC heap after
{Heap after GC invocations=15 (full 0):
 garbage-first heap   total 109568K, used 43489K [0x0000000080000000, 0x0000000100000000)
  region size 1024K, 7 young (7168K), 7 survivors (7168K)
 Metaspace       used 65150K, committed 66816K, reserved 1114112K
  class space    used 8924K, committed 9728K, reserved 1048576K
}
Event: 6.805 GC heap before
{Heap before GC invocations=15 (full 0):
 garbage-first heap   total 109568K, used 94689K [0x0000000080000000, 0x0000000100000000)
  region size 1024K, 58 young (59392K), 7 survivors (7168K)
 Metaspace       used 66117K, committed 67776K, reserved 1114112K
  class space    used 9041K, committed 9856K, reserved 1048576K
}
Event: 6.813 GC heap after
{Heap after GC invocations=16 (full 0):
 garbage-first heap   total 109568K, used 46315K [0x0000000080000000, 0x0000000100000000)
  region size 1024K, 4 young (4096K), 4 survivors (4096K)
 Metaspace       used 66117K, committed 67776K, reserved 1114112K
  class space    used 9041K, committed 9856K, reserved 1048576K
}
Event: 6.997 GC heap before
{Heap before GC invocations=16 (full 0):
 garbage-first heap   total 109568K, used 96491K [0x0000000080000000, 0x0000000100000000)
  region size 1024K, 54 young (55296K), 4 survivors (4096K)
 Metaspace       used 66440K, committed 68096K, reserved 1114112K
  class space    used 9042K, committed 9856K, reserved 1048576K
}
Event: 7.001 GC heap after
{Heap after GC invocations=17 (full 0):
 garbage-first heap   total 109568K, used 47042K [0x0000000080000000, 0x0000000100000000)
  region size 1024K, 5 young (5120K), 5 survivors (5120K)
 Metaspace       used 66440K, committed 68096K, reserved 1114112K
  class space    used 9042K, committed 9856K, reserved 1048576K
}
Event: 7.182 GC heap before
{Heap before GC invocations=17 (full 0):
 garbage-first heap   total 109568K, used 81858K [0x0000000080000000, 0x0000000100000000)
  region size 1024K, 41 young (41984K), 5 survivors (5120K)
 Metaspace       used 66690K, committed 68352K, reserved 1114112K
  class space    used 9079K, committed 9920K, reserved 1048576K
}
Event: 7.188 GC heap after
{Heap after GC invocations=18 (full 0):
 garbage-first heap   total 109568K, used 48558K [0x0000000080000000, 0x0000000100000000)
  region size 1024K, 5 young (5120K), 5 survivors (5120K)
 Metaspace       used 66690K, committed 68352K, reserved 1114112K
  class space    used 9079K, committed 9920K, reserved 1048576K
}
Event: 7.668 GC heap before
{Heap before GC invocations=19 (full 0):
 garbage-first heap   total 109568K, used 103854K [0x0000000080000000, 0x0000000100000000)
  region size 1024K, 53 young (54272K), 5 survivors (5120K)
 Metaspace       used 70234K, committed 72000K, reserved 1114112K
  class space    used 9553K, committed 10432K, reserved 1048576K
}
Event: 7.674 GC heap after
{Heap after GC invocations=20 (full 0):
 garbage-first heap   total 116736K, used 60818K [0x0000000080000000, 0x0000000100000000)
  region size 1024K, 7 young (7168K), 7 survivors (7168K)
 Metaspace       used 70234K, committed 72000K, reserved 1114112K
  class space    used 9553K, committed 10432K, reserved 1048576K
}
Event: 8.136 GC heap before
{Heap before GC invocations=20 (full 0):
 garbage-first heap   total 116736K, used 101778K [0x0000000080000000, 0x0000000100000000)
  region size 1024K, 47 young (48128K), 7 survivors (7168K)
 Metaspace       used 74684K, committed 76480K, reserved 1179648K
  class space    used 10104K, committed 11008K, reserved 1048576K
}
Event: 8.142 GC heap after
{Heap after GC invocations=21 (full 0):
 garbage-first heap   total 116736K, used 62349K [0x0000000080000000, 0x0000000100000000)
  region size 1024K, 2 young (2048K), 2 survivors (2048K)
 Metaspace       used 74684K, committed 76480K, reserved 1179648K
  class space    used 10104K, committed 11008K, reserved 1048576K
}
Event: 8.339 GC heap before
{Heap before GC invocations=21 (full 0):
 garbage-first heap   total 116736K, used 77709K [0x0000000080000000, 0x0000000100000000)
  region size 1024K, 18 young (18432K), 2 survivors (2048K)
 Metaspace       used 76975K, committed 78720K, reserved 1179648K
  class space    used 10408K, committed 11264K, reserved 1048576K
}

