# JRE version: OpenJDK Runtime Environment (21.0.4) (build 21.0.4+-12508038-b607.1)
# Java VM: OpenJDK 64-Bit Server VM (21.0.4+-12508038-b607.1, mixed mode, tiered, compressed oops, compressed class ptrs, g1 gc, windows-amd64)
GC Precious Log:
 CardTable entry size: 512
 Card Set container configuration: InlinePtr #cards 5 size 8 Array Of Cards #cards 12 size 40 Howl #buckets 4 coarsen threshold 1843 Howl Bitmap #cards 512 size 80 coarsen threshold 460 Card regions per heap region 1 cards per card region 2048
 CPUs: 8 total, 8 available
 Memory: 7934M
 Large Page Support: Disabled
 NUMA Support: Disabled
 Compressed Oops: Enabled (32-bit)
 Heap Region Size: 1M
 Heap Min Capacity: 8M
 Heap Initial Capacity: 124M
 Heap Max Capacity: 2G
 Pre-touch: Disabled
 Parallel Workers: 8
 Concurrent Workers: 2
 Concurrent Refinement Workers: 8
 Periodic GC: Disabled
Heap:
 garbage-first heap   total 134144K, used 84431K [0x0000000080000000, 0x0000000100000000)
  region size 1024K, 33 young (33792K), 9 survivors (9216K)
 Metaspace       used 74766K, committed 76544K, reserved 1179648K
  class space    used 10129K, committed 11008K, reserved 1048576K
GC Heap History (20 events):
Event: 3.646 GC heap before
{Heap before GC invocations=9 (full 0):
 garbage-first heap   total 91136K, used 76198K [0x0000000080000000, 0x0000000100000000)
  region size 1024K, 52 young (53248K), 4 survivors (4096K)
 Metaspace       used 43723K, committed 44864K, reserved 1114112K
  class space    used 5868K, committed 6400K, reserved 1048576K
}
Event: 3.651 GC heap after
{Heap after GC invocations=10 (full 0):
 garbage-first heap   total 91136K, used 30452K [0x0000000080000000, 0x0000000100000000)
  region size 1024K, 7 young (7168K), 7 survivors (7168K)
 Metaspace       used 43723K, committed 44864K, reserved 1114112K
  class space    used 5868K, committed 6400K, reserved 1048576K
}
Event: 3.988 GC heap before
{Heap before GC invocations=10 (full 0):
 garbage-first heap   total 91136K, used 76532K [0x0000000080000000, 0x0000000100000000)
  region size 1024K, 53 young (54272K), 7 survivors (7168K)
 Metaspace       used 46509K, committed 47808K, reserved 1114112K
  class space    used 6230K, committed 6912K, reserved 1048576K
}
Event: 3.995 GC heap after
{Heap after GC invocations=11 (full 0):
 garbage-first heap   total 91136K, used 33751K [0x0000000080000000, 0x0000000100000000)
  region size 1024K, 4 young (4096K), 4 survivors (4096K)
 Metaspace       used 46509K, committed 47808K, reserved 1114112K
  class space    used 6230K, committed 6912K, reserved 1048576K
}
Event: 4.443 GC heap before
{Heap before GC invocations=11 (full 0):
 garbage-first heap   total 91136K, used 77783K [0x0000000080000000, 0x0000000100000000)
  region size 1024K, 47 young (48128K), 4 survivors (4096K)
 Metaspace       used 51009K, committed 52480K, reserved 1114112K
  class space    used 6968K, committed 7680K, reserved 1048576K
}
Event: 4.447 GC heap after
{Heap after GC invocations=12 (full 0):
 garbage-first heap   total 109568K, used 35700K [0x0000000080000000, 0x0000000100000000)
  region size 1024K, 6 young (6144K), 6 survivors (6144K)
 Metaspace       used 51009K, committed 52480K, reserved 1114112K
  class space    used 6968K, committed 7680K, reserved 1048576K
}
Event: 5.097 GC heap before
{Heap before GC invocations=12 (full 0):
 garbage-first heap   total 109568K, used 86900K [0x0000000080000000, 0x0000000100000000)
  region size 1024K, 56 young (57344K), 6 survivors (6144K)
 Metaspace       used 58817K, committed 60288K, reserved 1114112K
  class space    used 7961K, committed 8704K, reserved 1048576K
}
Event: 5.102 GC heap after
{Heap after GC invocations=13 (full 0):
 garbage-first heap   total 109568K, used 37648K [0x0000000080000000, 0x0000000100000000)
  region size 1024K, 5 young (5120K), 5 survivors (5120K)
 Metaspace       used 58817K, committed 60288K, reserved 1114112K
  class space    used 7961K, committed 8704K, reserved 1048576K
}
Event: 6.048 GC heap before
{Heap before GC invocations=14 (full 0):
 garbage-first heap   total 109568K, used 97040K [0x0000000080000000, 0x0000000100000000)
  region size 1024K, 63 young (64512K), 5 survivors (5120K)
 Metaspace       used 65287K, committed 66944K, reserved 1114112K
  class space    used 8960K, committed 9792K, reserved 1048576K
}
Event: 6.057 GC heap after
{Heap after GC invocations=15 (full 0):
 garbage-first heap   total 109568K, used 42645K [0x0000000080000000, 0x0000000100000000)
  region size 1024K, 7 young (7168K), 7 survivors (7168K)
 Metaspace       used 65287K, committed 66944K, reserved 1114112K
  class space    used 8960K, committed 9792K, reserved 1048576K
}
Event: 6.365 GC heap before
{Heap before GC invocations=15 (full 0):
 garbage-first heap   total 109568K, used 94869K [0x0000000080000000, 0x0000000100000000)
  region size 1024K, 59 young (60416K), 7 survivors (7168K)
 Metaspace       used 66187K, committed 67904K, reserved 1114112K
  class space    used 9063K, committed 9920K, reserved 1048576K
}
Event: 6.372 GC heap after
{Heap after GC invocations=16 (full 0):
 garbage-first heap   total 109568K, used 45921K [0x0000000080000000, 0x0000000100000000)
  region size 1024K, 5 young (5120K), 5 survivors (5120K)
 Metaspace       used 66187K, committed 67904K, reserved 1114112K
  class space    used 9063K, committed 9920K, reserved 1048576K
}
Event: 6.540 GC heap before
{Heap before GC invocations=16 (full 0):
 garbage-first heap   total 109568K, used 96097K [0x0000000080000000, 0x0000000100000000)
  region size 1024K, 55 young (56320K), 5 survivors (5120K)
 Metaspace       used 66504K, committed 68160K, reserved 1114112K
  class space    used 9063K, committed 9920K, reserved 1048576K
}
Event: 6.543 GC heap after
{Heap after GC invocations=17 (full 0):
 garbage-first heap   total 109568K, used 46596K [0x0000000080000000, 0x0000000100000000)
  region size 1024K, 5 young (5120K), 5 survivors (5120K)
 Metaspace       used 66504K, committed 68160K, reserved 1114112K
  class space    used 9063K, committed 9920K, reserved 1048576K
}
Event: 6.705 GC heap before
{Heap before GC invocations=17 (full 0):
 garbage-first heap   total 109568K, used 80388K [0x0000000080000000, 0x0000000100000000)
  region size 1024K, 39 young (39936K), 5 survivors (5120K)
 Metaspace       used 66757K, committed 68416K, reserved 1114112K
  class space    used 9102K, committed 9920K, reserved 1048576K
}
Event: 6.711 GC heap after
{Heap after GC invocations=18 (full 0):
 garbage-first heap   total 132096K, used 47980K [0x0000000080000000, 0x0000000100000000)
  region size 1024K, 5 young (5120K), 5 survivors (5120K)
 Metaspace       used 66757K, committed 68416K, reserved 1114112K
  class space    used 9102K, committed 9920K, reserved 1048576K
}
Event: 6.715 GC heap before
{Heap before GC invocations=18 (full 0):
 garbage-first heap   total 132096K, used 49004K [0x0000000080000000, 0x0000000100000000)
  region size 1024K, 6 young (6144K), 5 survivors (5120K)
 Metaspace       used 66759K, committed 68416K, reserved 1114112K
  class space    used 9103K, committed 9920K, reserved 1048576K
}
Event: 6.718 GC heap after
{Heap after GC invocations=19 (full 0):
 garbage-first heap   total 132096K, used 48966K [0x0000000080000000, 0x0000000100000000)
  region size 1024K, 5 young (5120K), 5 survivors (5120K)
 Metaspace       used 66759K, committed 68416K, reserved 1114112K
  class space    used 9103K, committed 9920K, reserved 1048576K
}
Event: 7.322 GC heap before
{Heap before GC invocations=20 (full 0):
 garbage-first heap   total 132096K, used 120646K [0x0000000080000000, 0x0000000100000000)
  region size 1024K, 70 young (71680K), 5 survivors (5120K)
 Metaspace       used 72191K, committed 73984K, reserved 1114112K
  class space    used 9751K, committed 10624K, reserved 1048576K
}
Event: 7.327 GC heap after
{Heap after GC invocations=21 (full 0):
 garbage-first heap   total 134144K, used 60879K [0x0000000080000000, 0x0000000100000000)
  region size 1024K, 9 young (9216K), 9 survivors (9216K)
 Metaspace       used 72191K, committed 73984K, reserved 1114112K
  class space    used 9751K, committed 10624K, reserved 1048576K
}

